#
# There is insufficient memory for the Java Runtime Environment to continue.
# Native memory allocation (malloc) failed to allocate 1436016 bytes. Error detail: Chunk::new
# Possible reasons:
#   The system is out of physical RAM or swap space
#   This process is running with CompressedOops enabled, and the Java Heap may be blocking the growth of the native heap
# Possible solutions:
#   Reduce memory load on the system
#   Increase physical memory or swap space
#   Check if swap backing store is full
#   Decrease Java heap size (-Xmx/-Xms)
#   Decrease number of Java threads
#   Decrease Java thread stack sizes (-Xss)
#   Set larger code cache with -XX:ReservedCodeCacheSize=
#   JVM is running with Unscaled Compressed Oops mode in which the Java heap is
#     placed in the first 4GB address space. The Java Heap base address is the
#     maximum limit for the native heap growth. Please use -XX:HeapBaseMinAddress
#     to set the Java Heap base and to place the Java Heap above 4GB virtual address.
# This output file may be truncated or incomplete.
#
#  Out of Memory Error (arena.cpp:168), pid=13456, tid=28744
#
# JRE version: OpenJDK Runtime Environment Temurin-21.0.7+6 (21.0.7+6) (build 21.0.7+6-LTS)
# Java VM: OpenJDK 64-Bit Server VM Temurin-21.0.7+6 (21.0.7+6-LTS, mixed mode, sharing, tiered, compressed oops, compressed class ptrs, g1 gc, windows-amd64)
# No core dump will be written. Minidumps are not enabled by default on client versions of Windows
#

---------------  S U M M A R Y ------------

Command Line: --add-opens=java.base/java.lang=ALL-UNNAMED --add-opens=java.base/java.lang.invoke=ALL-UNNAMED --add-opens=java.base/java.util=ALL-UNNAMED --add-opens=java.prefs/java.util.prefs=ALL-UNNAMED --add-exports=jdk.compiler/com.sun.tools.javac.api=ALL-UNNAMED --add-exports=jdk.compiler/com.sun.tools.javac.util=ALL-UNNAMED --add-opens=java.base/java.util=ALL-UNNAMED --add-opens=java.prefs/java.util.prefs=ALL-UNNAMED --add-opens=java.base/java.nio.charset=ALL-UNNAMED --add-opens=java.base/java.net=ALL-UNNAMED --add-opens=java.base/java.util.concurrent.atomic=ALL-UNNAMED --add-opens=java.xml/javax.xml.namespace=ALL-UNNAMED -Xmx2048m -Dfile.encoding=UTF-8 -Duser.country=PH -Duser.language=en -Duser.variant -javaagent:C:\Users\dttsi\.gradle\wrapper\dists\gradle-8.13-bin\5xuhj0ry160q40clulazy9h7d\gradle-8.13\lib\agents\gradle-instrumentation-agent-8.13.jar org.gradle.launcher.daemon.bootstrap.GradleDaemon 8.13

Host: 12th Gen Intel(R) Core(TM) i7-1255U, 12 cores, 7G,  Windows 11 , 64 bit Build 26100 (10.0.26100.4768)
Time: Wed Aug 20 06:17:38 2025 Malay Peninsula Standard Time elapsed time: 16.715286 seconds (0d 0h 0m 16s)

---------------  T H R E A D  ---------------

Current thread (0x0000022d7c265f40):  JavaThread "C2 CompilerThread0" daemon [_thread_in_native, id=28744, stack(0x0000009bab900000,0x0000009baba00000) (1024K)]


Current CompileTask:
C2:16715 9838       4       jdk.internal.loader.URLClassPath$JarLoader$2::getBytes (48 bytes)

Stack: [0x0000009bab900000,0x0000009baba00000]
Native frames: (J=compiled Java code, j=interpreted, Vv=VM code, C=native code)
V  [jvm.dll+0x6ce119]
V  [jvm.dll+0x8a84a1]
V  [jvm.dll+0x8aa9ce]
V  [jvm.dll+0x8ab0b3]
V  [jvm.dll+0x27f8a6]
V  [jvm.dll+0xc507d]
V  [jvm.dll+0xc55b3]
V  [jvm.dll+0x3b68f2]
V  [jvm.dll+0x382aa5]
V  [jvm.dll+0x381f0a]
V  [jvm.dll+0x247af0]
V  [jvm.dll+0x2470cf]
V  [jvm.dll+0x1c760e]
V  [jvm.dll+0x25695a]
V  [jvm.dll+0x254efa]
V  [jvm.dll+0x3f03f6]
V  [jvm.dll+0x851f6b]
V  [jvm.dll+0x6cc7dd]
C  [ucrtbase.dll+0x37b0]
C  [KERNEL32.DLL+0x2e8d7]
C  [ntdll.dll+0x3c34c]


---------------  P R O C E S S  ---------------

Threads class SMR info:
_java_thread_list=0x0000022d45b0ffc0, length=71, elements={
0x0000022d5ce3bad0, 0x0000022d7c244c00, 0x0000022d7c245850, 0x0000022d7c251590,
0x0000022d7c254810, 0x0000022d7c255260, 0x0000022d7c25ddf0, 0x0000022d7c265f40,
0x0000022d7c264ea0, 0x0000022d7c3325e0, 0x0000022d7c4c6300, 0x0000022d7ddef1c0,
0x0000022d7d347550, 0x0000022d7de1d5f0, 0x0000022d7e04b3a0, 0x0000022d7df8e040,
0x0000022d7e08bca0, 0x0000022d7e099220, 0x0000022d7e097e70, 0x0000022d7e098500,
0x0000022d7e098b90, 0x0000022d7e0998b0, 0x0000022d7e09ac60, 0x0000022d7e099f40,
0x0000022d7e0977e0, 0x0000022d7e09a5d0, 0x0000022d4682d490, 0x0000022d4682e840,
0x0000022d4682ce00, 0x0000022d4682ba50, 0x0000022d4682e1b0, 0x0000022d4682c770,
0x0000022d4682b3c0, 0x0000022d4682eed0, 0x0000022d4682f560, 0x0000022d4682fbf0,
0x0000022d46830fa0, 0x0000022d46831630, 0x0000022d46830280, 0x0000022d46831cc0,
0x0000022d46830910, 0x0000022d46832350, 0x0000022d468329e0, 0x0000022d48a6b810,
0x0000022d48a6a460, 0x0000022d48a6bea0, 0x0000022d48a6c530, 0x0000022d48a6cbc0,
0x0000022d48a6aaf0, 0x0000022d48a6d250, 0x0000022d48a69dd0, 0x0000022d48a6b180,
0x0000022d7e8a6c70, 0x0000022d7e8a65e0, 0x0000022d7e8a58c0, 0x0000022d7e8a4510,
0x0000022d7e8a5f50, 0x0000022d7e8a7300, 0x0000022d7e8a7990, 0x0000022d7e8a5230,
0x0000022d7e8a4ba0, 0x0000022d48971550, 0x0000022d48970830, 0x0000022d489701a0,
0x0000022d4896fb10, 0x0000022d48972270, 0x0000022d4896f480, 0x0000022d48974340,
0x0000022d48971be0, 0x0000022d7e458aa0, 0x0000022d48975d80
}

Java Threads: ( => current thread )
  0x0000022d5ce3bad0 JavaThread "main"                              [_thread_blocked, id=26180, stack(0x0000009baab00000,0x0000009baac00000) (1024K)]
  0x0000022d7c244c00 JavaThread "Reference Handler"          daemon [_thread_blocked, id=15188, stack(0x0000009bab300000,0x0000009bab400000) (1024K)]
  0x0000022d7c245850 JavaThread "Finalizer"                  daemon [_thread_blocked, id=15784, stack(0x0000009bab400000,0x0000009bab500000) (1024K)]
  0x0000022d7c251590 JavaThread "Signal Dispatcher"          daemon [_thread_blocked, id=18456, stack(0x0000009bab500000,0x0000009bab600000) (1024K)]
  0x0000022d7c254810 JavaThread "Attach Listener"            daemon [_thread_blocked, id=17752, stack(0x0000009bab600000,0x0000009bab700000) (1024K)]
  0x0000022d7c255260 JavaThread "Service Thread"             daemon [_thread_blocked, id=36380, stack(0x0000009bab700000,0x0000009bab800000) (1024K)]
  0x0000022d7c25ddf0 JavaThread "Monitor Deflation Thread"   daemon [_thread_blocked, id=29772, stack(0x0000009bab800000,0x0000009bab900000) (1024K)]
=>0x0000022d7c265f40 JavaThread "C2 CompilerThread0"         daemon [_thread_in_native, id=28744, stack(0x0000009bab900000,0x0000009baba00000) (1024K)]
  0x0000022d7c264ea0 JavaThread "C1 CompilerThread0"         daemon [_thread_blocked, id=3180, stack(0x0000009baba00000,0x0000009babb00000) (1024K)]
  0x0000022d7c3325e0 JavaThread "Common-Cleaner"             daemon [_thread_blocked, id=33092, stack(0x0000009babb00000,0x0000009babc00000) (1024K)]
  0x0000022d7c4c6300 JavaThread "Notification Thread"        daemon [_thread_blocked, id=30464, stack(0x0000009babc00000,0x0000009babd00000) (1024K)]
  0x0000022d7ddef1c0 JavaThread "Daemon health stats"               [_thread_blocked, id=31120, stack(0x0000009bac600000,0x0000009bac700000) (1024K)]
  0x0000022d7d347550 JavaThread "Incoming local TCP Connector on port 49200"        [_thread_in_native, id=6996, stack(0x0000009bac700000,0x0000009bac800000) (1024K)]
  0x0000022d7de1d5f0 JavaThread "Daemon periodic checks"            [_thread_blocked, id=23088, stack(0x0000009bac800000,0x0000009bac900000) (1024K)]
  0x0000022d7e04b3a0 JavaThread "Daemon"                            [_thread_blocked, id=32696, stack(0x0000009bac900000,0x0000009baca00000) (1024K)]
  0x0000022d7df8e040 JavaThread "Handler for socket connection from /127.0.0.1:49200 to /127.0.0.1:49201"        [_thread_in_native, id=33380, stack(0x0000009baca00000,0x0000009bacb00000) (1024K)]
  0x0000022d7e08bca0 JavaThread "Cancel handler"                    [_thread_blocked, id=7124, stack(0x0000009bacb00000,0x0000009bacc00000) (1024K)]
  0x0000022d7e099220 JavaThread "Daemon worker"                     [_thread_in_Java, id=22628, stack(0x0000009bacc00000,0x0000009bacd00000) (1024K)]
  0x0000022d7e097e70 JavaThread "Asynchronous log dispatcher for DefaultDaemonConnection: socket connection from /127.0.0.1:49200 to /127.0.0.1:49201"        [_thread_blocked, id=19828, stack(0x0000009bacd00000,0x0000009bace00000) (1024K)]
  0x0000022d7e098500 JavaThread "Stdin handler"                     [_thread_blocked, id=29972, stack(0x0000009bace00000,0x0000009bacf00000) (1024K)]
  0x0000022d7e098b90 JavaThread "Daemon client event forwarder"        [_thread_blocked, id=6964, stack(0x0000009bacf00000,0x0000009bad000000) (1024K)]
  0x0000022d7e0998b0 JavaThread "Cache worker for journal cache (C:\Users\dttsi\.gradle\caches\journal-1)"        [_thread_blocked, id=13412, stack(0x0000009bad000000,0x0000009bad100000) (1024K)]
  0x0000022d7e09ac60 JavaThread "File lock request listener"        [_thread_in_native, id=26888, stack(0x0000009bad100000,0x0000009bad200000) (1024K)]
  0x0000022d7e099f40 JavaThread "Cache worker for file hash cache (C:\Users\dttsi\.gradle\caches\8.13\fileHashes)"        [_thread_blocked, id=6392, stack(0x0000009bad200000,0x0000009bad300000) (1024K)]
  0x0000022d7e0977e0 JavaThread "Cache worker for file hash cache (C:\Users\dttsi\AndroidStudioProjects\MobileFleet\.gradle\8.13\fileHashes)"        [_thread_blocked, id=22632, stack(0x0000009bad700000,0x0000009bad800000) (1024K)]
  0x0000022d7e09a5d0 JavaThread "Cache worker for Build Output Cleanup Cache (C:\Users\dttsi\AndroidStudioProjects\MobileFleet\.gradle\buildOutputCleanup)"        [_thread_blocked, id=24364, stack(0x0000009bad800000,0x0000009bad900000) (1024K)]
  0x0000022d4682d490 JavaThread "File watcher server"        daemon [_thread_in_native, id=5652, stack(0x0000009bad900000,0x0000009bada00000) (1024K)]
  0x0000022d4682e840 JavaThread "File watcher consumer"      daemon [_thread_blocked, id=1420, stack(0x0000009bada00000,0x0000009badb00000) (1024K)]
  0x0000022d4682ce00 JavaThread "jar transforms"                    [_thread_blocked, id=28020, stack(0x0000009babe00000,0x0000009babf00000) (1024K)]
  0x0000022d4682ba50 JavaThread "jar transforms Thread 2"           [_thread_blocked, id=27808, stack(0x0000009badb00000,0x0000009badc00000) (1024K)]
  0x0000022d4682e1b0 JavaThread "Cache worker for checksums cache (C:\Users\dttsi\AndroidStudioProjects\MobileFleet\.gradle\8.13\checksums)"        [_thread_blocked, id=31736, stack(0x0000009badd00000,0x0000009bade00000) (1024K)]
  0x0000022d4682c770 JavaThread "Cache worker for file content cache (C:\Users\dttsi\.gradle\caches\8.13\fileContent)"        [_thread_blocked, id=4852, stack(0x0000009bade00000,0x0000009badf00000) (1024K)]
  0x0000022d4682b3c0 JavaThread "File lock release action executor"        [_thread_blocked, id=35260, stack(0x0000009badf00000,0x0000009bae000000) (1024K)]
  0x0000022d4682eed0 JavaThread "Cache worker for cache directory md-supplier (C:\Users\dttsi\.gradle\caches\8.13\md-supplier)"        [_thread_blocked, id=27456, stack(0x0000009babd00000,0x0000009babe00000) (1024K)]
  0x0000022d4682f560 JavaThread "Cache worker for cache directory md-rule (C:\Users\dttsi\.gradle\caches\8.13\md-rule)"        [_thread_blocked, id=36840, stack(0x0000009badc00000,0x0000009badd00000) (1024K)]
  0x0000022d4682fbf0 JavaThread "Unconstrained build operations"        [_thread_blocked, id=35324, stack(0x0000009bae200000,0x0000009bae300000) (1024K)]
  0x0000022d46830fa0 JavaThread "Unconstrained build operations Thread 2"        [_thread_blocked, id=23292, stack(0x0000009bae300000,0x0000009bae400000) (1024K)]
  0x0000022d46831630 JavaThread "Unconstrained build operations Thread 3"        [_thread_blocked, id=24744, stack(0x0000009bae400000,0x0000009bae500000) (1024K)]
  0x0000022d46830280 JavaThread "Unconstrained build operations Thread 4"        [_thread_blocked, id=36028, stack(0x0000009bae500000,0x0000009bae600000) (1024K)]
  0x0000022d46831cc0 JavaThread "Unconstrained build operations Thread 5"        [_thread_blocked, id=17844, stack(0x0000009bae600000,0x0000009bae700000) (1024K)]
  0x0000022d46830910 JavaThread "Unconstrained build operations Thread 6"        [_thread_blocked, id=28180, stack(0x0000009bae700000,0x0000009bae800000) (1024K)]
  0x0000022d46832350 JavaThread "Unconstrained build operations Thread 7"        [_thread_blocked, id=18156, stack(0x0000009bae800000,0x0000009bae900000) (1024K)]
  0x0000022d468329e0 JavaThread "Unconstrained build operations Thread 8"        [_thread_blocked, id=17808, stack(0x0000009bae900000,0x0000009baea00000) (1024K)]
  0x0000022d48a6b810 JavaThread "Unconstrained build operations Thread 9"        [_thread_blocked, id=35712, stack(0x0000009baea00000,0x0000009baeb00000) (1024K)]
  0x0000022d48a6a460 JavaThread "Unconstrained build operations Thread 10"        [_thread_blocked, id=21592, stack(0x0000009baeb00000,0x0000009baec00000) (1024K)]
  0x0000022d48a6bea0 JavaThread "Unconstrained build operations Thread 11"        [_thread_blocked, id=36176, stack(0x0000009baec00000,0x0000009baed00000) (1024K)]
  0x0000022d48a6c530 JavaThread "Unconstrained build operations Thread 12"        [_thread_blocked, id=20840, stack(0x0000009baed00000,0x0000009baee00000) (1024K)]
  0x0000022d48a6cbc0 JavaThread "Unconstrained build operations Thread 13"        [_thread_blocked, id=26056, stack(0x0000009baee00000,0x0000009baef00000) (1024K)]
  0x0000022d48a6aaf0 JavaThread "Unconstrained build operations Thread 14"        [_thread_blocked, id=6212, stack(0x0000009baef00000,0x0000009baf000000) (1024K)]
  0x0000022d48a6d250 JavaThread "Unconstrained build operations Thread 15"        [_thread_blocked, id=6496, stack(0x0000009baf000000,0x0000009baf100000) (1024K)]
  0x0000022d48a69dd0 JavaThread "Unconstrained build operations Thread 16"        [_thread_blocked, id=33464, stack(0x0000009baf100000,0x0000009baf200000) (1024K)]
  0x0000022d48a6b180 JavaThread "Unconstrained build operations Thread 17"        [_thread_blocked, id=33128, stack(0x0000009baf200000,0x0000009baf300000) (1024K)]
  0x0000022d7e8a6c70 JavaThread "Unconstrained build operations Thread 18"        [_thread_blocked, id=2456, stack(0x0000009baf300000,0x0000009baf400000) (1024K)]
  0x0000022d7e8a65e0 JavaThread "Unconstrained build operations Thread 19"        [_thread_blocked, id=19576, stack(0x0000009baf400000,0x0000009baf500000) (1024K)]
  0x0000022d7e8a58c0 JavaThread "Unconstrained build operations Thread 20"        [_thread_blocked, id=27412, stack(0x0000009baf500000,0x0000009baf600000) (1024K)]
  0x0000022d7e8a4510 JavaThread "Unconstrained build operations Thread 21"        [_thread_blocked, id=19472, stack(0x0000009baf600000,0x0000009baf700000) (1024K)]
  0x0000022d7e8a5f50 JavaThread "Unconstrained build operations Thread 22"        [_thread_blocked, id=19720, stack(0x0000009baf700000,0x0000009baf800000) (1024K)]
  0x0000022d7e8a7300 JavaThread "Unconstrained build operations Thread 23"        [_thread_blocked, id=21940, stack(0x0000009baf800000,0x0000009baf900000) (1024K)]
  0x0000022d7e8a7990 JavaThread "Unconstrained build operations Thread 24"        [_thread_blocked, id=27536, stack(0x0000009baf900000,0x0000009bafa00000) (1024K)]
  0x0000022d7e8a5230 JavaThread "Unconstrained build operations Thread 25"        [_thread_blocked, id=30220, stack(0x0000009bafa00000,0x0000009bafb00000) (1024K)]
  0x0000022d7e8a4ba0 JavaThread "Unconstrained build operations Thread 26"        [_thread_blocked, id=34476, stack(0x0000009bafb00000,0x0000009bafc00000) (1024K)]
  0x0000022d48971550 JavaThread "Unconstrained build operations Thread 27"        [_thread_blocked, id=11236, stack(0x0000009bafc00000,0x0000009bafd00000) (1024K)]
  0x0000022d48970830 JavaThread "Unconstrained build operations Thread 28"        [_thread_blocked, id=9036, stack(0x0000009bafd00000,0x0000009bafe00000) (1024K)]
  0x0000022d489701a0 JavaThread "Unconstrained build operations Thread 29"        [_thread_blocked, id=23440, stack(0x0000009bafe00000,0x0000009baff00000) (1024K)]
  0x0000022d4896fb10 JavaThread "Unconstrained build operations Thread 30"        [_thread_blocked, id=5540, stack(0x0000009baff00000,0x0000009bb0000000) (1024K)]
  0x0000022d48972270 JavaThread "Unconstrained build operations Thread 31"        [_thread_blocked, id=31748, stack(0x0000009bb0000000,0x0000009bb0100000) (1024K)]
  0x0000022d4896f480 JavaThread "Unconstrained build operations Thread 32"        [_thread_blocked, id=6488, stack(0x0000009bb0100000,0x0000009bb0200000) (1024K)]
  0x0000022d48974340 JavaThread "Unconstrained build operations Thread 33"        [_thread_blocked, id=24556, stack(0x0000009bb0200000,0x0000009bb0300000) (1024K)]
  0x0000022d48971be0 JavaThread "Memory manager"                    [_thread_blocked, id=32092, stack(0x0000009bb0300000,0x0000009bb0400000) (1024K)]
  0x0000022d7e458aa0 JavaThread "C2 CompilerThread1"         daemon [_thread_blocked, id=33252, stack(0x0000009bae000000,0x0000009bae100000) (1024K)]
  0x0000022d48975d80 JavaThread "build event listener"              [_thread_blocked, id=35388, stack(0x0000009bae100000,0x0000009bae200000) (1024K)]
Total: 71

Other Threads:
  0x0000022d7c224c60 VMThread "VM Thread"                           [id=34824, stack(0x0000009bab200000,0x0000009bab300000) (1024K)]
  0x0000022d7c214930 WatcherThread "VM Periodic Task Thread"        [id=18768, stack(0x0000009bab100000,0x0000009bab200000) (1024K)]
  0x0000022d5d34a300 WorkerThread "GC Thread#0"                     [id=21676, stack(0x0000009baac00000,0x0000009baad00000) (1024K)]
  0x0000022d7cbb9cc0 WorkerThread "GC Thread#1"                     [id=30152, stack(0x0000009babf00000,0x0000009bac000000) (1024K)]
  0x0000022d7cad7a20 WorkerThread "GC Thread#2"                     [id=17380, stack(0x0000009bac000000,0x0000009bac100000) (1024K)]
  0x0000022d7cad7dc0 WorkerThread "GC Thread#3"                     [id=27660, stack(0x0000009bac100000,0x0000009bac200000) (1024K)]
  0x0000022d7d37b3a0 WorkerThread "GC Thread#4"                     [id=21108, stack(0x0000009bac200000,0x0000009bac300000) (1024K)]
  0x0000022d7cc7f510 WorkerThread "GC Thread#5"                     [id=32812, stack(0x0000009bac300000,0x0000009bac400000) (1024K)]
  0x0000022d7dd40a70 WorkerThread "GC Thread#6"                     [id=36816, stack(0x0000009bac400000,0x0000009bac500000) (1024K)]
  0x0000022d7dd40e10 WorkerThread "GC Thread#7"                     [id=31216, stack(0x0000009bac500000,0x0000009bac600000) (1024K)]
  0x0000022d7dfc4eb0 WorkerThread "GC Thread#8"                     [id=21336, stack(0x0000009bad300000,0x0000009bad400000) (1024K)]
  0x0000022d7dfc43d0 WorkerThread "GC Thread#9"                     [id=17296, stack(0x0000009bad400000,0x0000009bad500000) (1024K)]
  0x0000022d5d35c200 ConcurrentGCThread "G1 Main Marker"            [id=6992, stack(0x0000009baad00000,0x0000009baae00000) (1024K)]
  0x0000022d5d35cc10 WorkerThread "G1 Conc#0"                       [id=8576, stack(0x0000009baae00000,0x0000009baaf00000) (1024K)]
  0x0000022d7dfc4b10 WorkerThread "G1 Conc#1"                       [id=29420, stack(0x0000009bad500000,0x0000009bad600000) (1024K)]
  0x0000022d456e9170 WorkerThread "G1 Conc#2"                       [id=10648, stack(0x0000009bad600000,0x0000009bad700000) (1024K)]
  0x0000022d5d3ae470 ConcurrentGCThread "G1 Refine#0"               [id=19092, stack(0x0000009baaf00000,0x0000009bab000000) (1024K)]
  0x0000022d7c0e61a0 ConcurrentGCThread "G1 Service"                [id=12572, stack(0x0000009bab000000,0x0000009bab100000) (1024K)]
Total: 18

Threads with active compile tasks:
C2 CompilerThread0  16749 9838       4       jdk.internal.loader.URLClassPath$JarLoader$2::getBytes (48 bytes)
Total: 1

VM state: not at safepoint (normal execution)

VM Mutex/Monitor currently owned by a thread: None

Heap address: 0x0000000080000000, size: 2048 MB, Compressed Oops mode: 32-bit

CDS archive(s) mapped at: [0x0000022d00000000-0x0000022d00c80000-0x0000022d00c80000), size 13107200, SharedBaseAddress: 0x0000022d00000000, ArchiveRelocationMode: 1.
Compressed class space mapped at: 0x0000022d01000000-0x0000022d41000000, reserved size: 1073741824
Narrow klass base: 0x0000022d00000000, Narrow klass shift: 0, Narrow klass range: 0x100000000

GC Precious Log:
 CardTable entry size: 512
 Card Set container configuration: InlinePtr #cards 5 size 8 Array Of Cards #cards 12 size 40 Howl #buckets 4 coarsen threshold 1843 Howl Bitmap #cards 512 size 80 coarsen threshold 460 Card regions per heap region 1 cards per card region 2048
 CPUs: 12 total, 12 available
 Memory: 7916M
 Large Page Support: Disabled
 NUMA Support: Disabled
 Compressed Oops: Enabled (32-bit)
 Heap Region Size: 1M
 Heap Min Capacity: 8M
 Heap Initial Capacity: 124M
 Heap Max Capacity: 2G
 Pre-touch: Disabled
 Parallel Workers: 10
 Concurrent Workers: 3
 Concurrent Refinement Workers: 10
 Periodic GC: Disabled

Heap:
 garbage-first heap   total 152576K, used 94066K [0x0000000080000000, 0x0000000100000000)
  region size 1024K, 8 young (8192K), 3 survivors (3072K)
 Metaspace       used 74430K, committed 76544K, reserved 1114112K
  class space    used 10219K, committed 11264K, reserved 1048576K

Heap Regions: E=young(eden), S=young(survivor), O=old, HS=humongous(starts), HC=humongous(continues), CS=collection set, F=free, TAMS=top-at-mark-start, PB=parsable bottom
|   0|0x0000000080000000, 0x0000000080100000, 0x0000000080100000|100%|HS|  |TAMS 0x0000000080000000| PB 0x0000000080000000| Complete 
|   1|0x0000000080100000, 0x0000000080200000, 0x0000000080200000|100%|HC|  |TAMS 0x0000000080100000| PB 0x0000000080100000| Complete 
|   2|0x0000000080200000, 0x0000000080300000, 0x0000000080300000|100%|HC|  |TAMS 0x0000000080200000| PB 0x0000000080200000| Complete 
|   3|0x0000000080300000, 0x0000000080400000, 0x0000000080400000|100%| O|  |TAMS 0x0000000080300000| PB 0x0000000080300000| Untracked 
|   4|0x0000000080400000, 0x0000000080500000, 0x0000000080500000|100%| O|  |TAMS 0x0000000080400000| PB 0x0000000080400000| Untracked 
|   5|0x0000000080500000, 0x0000000080600000, 0x0000000080600000|100%| O|  |TAMS 0x0000000080500000| PB 0x0000000080500000| Untracked 
|   6|0x0000000080600000, 0x0000000080700000, 0x0000000080700000|100%|HS|  |TAMS 0x0000000080600000| PB 0x0000000080600000| Complete 
|   7|0x0000000080700000, 0x0000000080800000, 0x0000000080800000|100%| O|  |TAMS 0x0000000080700000| PB 0x0000000080700000| Untracked 
|   8|0x0000000080800000, 0x0000000080900000, 0x0000000080900000|100%| O|  |TAMS 0x0000000080800000| PB 0x0000000080800000| Untracked 
|   9|0x0000000080900000, 0x0000000080a00000, 0x0000000080a00000|100%| O|  |TAMS 0x0000000080900000| PB 0x0000000080900000| Untracked 
|  10|0x0000000080a00000, 0x0000000080b00000, 0x0000000080b00000|100%| O|  |TAMS 0x0000000080a00000| PB 0x0000000080a00000| Untracked 
|  11|0x0000000080b00000, 0x0000000080c00000, 0x0000000080c00000|100%| O|  |TAMS 0x0000000080b00000| PB 0x0000000080b00000| Untracked 
|  12|0x0000000080c00000, 0x0000000080d00000, 0x0000000080d00000|100%| O|  |TAMS 0x0000000080c00000| PB 0x0000000080c00000| Untracked 
|  13|0x0000000080d00000, 0x0000000080e00000, 0x0000000080e00000|100%| O|  |TAMS 0x0000000080d00000| PB 0x0000000080d00000| Untracked 
|  14|0x0000000080e00000, 0x0000000080f00000, 0x0000000080f00000|100%| O|  |TAMS 0x0000000080e00000| PB 0x0000000080e00000| Untracked 
|  15|0x0000000080f00000, 0x0000000081000000, 0x0000000081000000|100%| O|  |TAMS 0x0000000080f00000| PB 0x0000000080f00000| Untracked 
|  16|0x0000000081000000, 0x0000000081100000, 0x0000000081100000|100%| O|  |TAMS 0x0000000081000000| PB 0x0000000081000000| Untracked 
|  17|0x0000000081100000, 0x0000000081200000, 0x0000000081200000|100%| O|  |TAMS 0x0000000081100000| PB 0x0000000081100000| Untracked 
|  18|0x0000000081200000, 0x0000000081300000, 0x0000000081300000|100%| O|  |TAMS 0x0000000081200000| PB 0x0000000081200000| Untracked 
|  19|0x0000000081300000, 0x0000000081400000, 0x0000000081400000|100%| O|  |TAMS 0x0000000081300000| PB 0x0000000081300000| Untracked 
|  20|0x0000000081400000, 0x0000000081500000, 0x0000000081500000|100%| O|  |TAMS 0x0000000081400000| PB 0x0000000081400000| Untracked 
|  21|0x0000000081500000, 0x0000000081600000, 0x0000000081600000|100%| O|  |TAMS 0x0000000081500000| PB 0x0000000081500000| Untracked 
|  22|0x0000000081600000, 0x0000000081700000, 0x0000000081700000|100%| O|  |TAMS 0x0000000081600000| PB 0x0000000081600000| Untracked 
|  23|0x0000000081700000, 0x0000000081800000, 0x0000000081800000|100%| O|  |TAMS 0x0000000081700000| PB 0x0000000081700000| Untracked 
|  24|0x0000000081800000, 0x0000000081800000, 0x0000000081900000|  0%| F|  |TAMS 0x0000000081800000| PB 0x0000000081800000| Untracked 
|  25|0x0000000081900000, 0x0000000081a00000, 0x0000000081a00000|100%| O|Cm|TAMS 0x0000000081900000| PB 0x0000000081900000| Complete 
|  26|0x0000000081a00000, 0x0000000081b00000, 0x0000000081b00000|100%| O|  |TAMS 0x0000000081a00000| PB 0x0000000081a00000| Untracked 
|  27|0x0000000081b00000, 0x0000000081c00000, 0x0000000081c00000|100%| O|  |TAMS 0x0000000081b00000| PB 0x0000000081b00000| Untracked 
|  28|0x0000000081c00000, 0x0000000081d00000, 0x0000000081d00000|100%| O|  |TAMS 0x0000000081c00000| PB 0x0000000081c00000| Untracked 
|  29|0x0000000081d00000, 0x0000000081e00000, 0x0000000081e00000|100%| O|  |TAMS 0x0000000081d00000| PB 0x0000000081d00000| Untracked 
|  30|0x0000000081e00000, 0x0000000081f00000, 0x0000000081f00000|100%| O|  |TAMS 0x0000000081e00000| PB 0x0000000081e00000| Untracked 
|  31|0x0000000081f00000, 0x0000000082000000, 0x0000000082000000|100%| O|  |TAMS 0x0000000081f00000| PB 0x0000000081f00000| Untracked 
|  32|0x0000000082000000, 0x0000000082100000, 0x0000000082100000|100%| O|  |TAMS 0x0000000082000000| PB 0x0000000082000000| Untracked 
|  33|0x0000000082100000, 0x0000000082200000, 0x0000000082200000|100%| O|  |TAMS 0x0000000082100000| PB 0x0000000082100000| Untracked 
|  34|0x0000000082200000, 0x0000000082300000, 0x0000000082300000|100%| O|  |TAMS 0x0000000082200000| PB 0x0000000082200000| Untracked 
|  35|0x0000000082300000, 0x0000000082400000, 0x0000000082400000|100%| O|  |TAMS 0x0000000082300000| PB 0x0000000082300000| Untracked 
|  36|0x0000000082400000, 0x0000000082500000, 0x0000000082500000|100%| O|  |TAMS 0x0000000082400000| PB 0x0000000082400000| Untracked 
|  37|0x0000000082500000, 0x0000000082600000, 0x0000000082600000|100%| O|  |TAMS 0x0000000082500000| PB 0x0000000082500000| Untracked 
|  38|0x0000000082600000, 0x0000000082700000, 0x0000000082700000|100%| O|  |TAMS 0x0000000082600000| PB 0x0000000082600000| Untracked 
|  39|0x0000000082700000, 0x0000000082800000, 0x0000000082800000|100%| O|  |TAMS 0x0000000082700000| PB 0x0000000082700000| Untracked 
|  40|0x0000000082800000, 0x0000000082900000, 0x0000000082900000|100%| O|  |TAMS 0x0000000082800000| PB 0x0000000082800000| Untracked 
|  41|0x0000000082900000, 0x0000000082a00000, 0x0000000082a00000|100%| O|  |TAMS 0x0000000082900000| PB 0x0000000082900000| Untracked 
|  42|0x0000000082a00000, 0x0000000082b00000, 0x0000000082b00000|100%| O|  |TAMS 0x0000000082a00000| PB 0x0000000082a00000| Untracked 
|  43|0x0000000082b00000, 0x0000000082c00000, 0x0000000082c00000|100%| O|Cm|TAMS 0x0000000082b00000| PB 0x0000000082b00000| Complete 
|  44|0x0000000082c00000, 0x0000000082d00000, 0x0000000082d00000|100%| O|  |TAMS 0x0000000082c00000| PB 0x0000000082c00000| Untracked 
|  45|0x0000000082d00000, 0x0000000082e00000, 0x0000000082e00000|100%| O|  |TAMS 0x0000000082d00000| PB 0x0000000082d00000| Untracked 
|  46|0x0000000082e00000, 0x0000000082f00000, 0x0000000082f00000|100%| O|  |TAMS 0x0000000082e00000| PB 0x0000000082e00000| Untracked 
|  47|0x0000000082f00000, 0x0000000083000000, 0x0000000083000000|100%| O|  |TAMS 0x0000000082f00000| PB 0x0000000082f00000| Untracked 
|  48|0x0000000083000000, 0x0000000083100000, 0x0000000083100000|100%| O|  |TAMS 0x0000000083000000| PB 0x0000000083000000| Untracked 
|  49|0x0000000083100000, 0x0000000083200000, 0x0000000083200000|100%| O|  |TAMS 0x0000000083100000| PB 0x0000000083100000| Untracked 
|  50|0x0000000083200000, 0x0000000083300000, 0x0000000083300000|100%| O|  |TAMS 0x0000000083200000| PB 0x0000000083200000| Untracked 
|  51|0x0000000083300000, 0x0000000083400000, 0x0000000083400000|100%| O|  |TAMS 0x0000000083300000| PB 0x0000000083300000| Untracked 
|  52|0x0000000083400000, 0x0000000083500000, 0x0000000083500000|100%| O|  |TAMS 0x0000000083400000| PB 0x0000000083400000| Untracked 
|  53|0x0000000083500000, 0x0000000083600000, 0x0000000083600000|100%| O|  |TAMS 0x0000000083500000| PB 0x0000000083500000| Untracked 
|  54|0x0000000083600000, 0x0000000083700000, 0x0000000083700000|100%| O|  |TAMS 0x0000000083600000| PB 0x0000000083600000| Untracked 
|  55|0x0000000083700000, 0x0000000083800000, 0x0000000083800000|100%|HS|  |TAMS 0x0000000083700000| PB 0x0000000083700000| Complete 
|  56|0x0000000083800000, 0x0000000083900000, 0x0000000083900000|100%|HS|  |TAMS 0x0000000083800000| PB 0x0000000083800000| Complete 
|  57|0x0000000083900000, 0x0000000083a00000, 0x0000000083a00000|100%|HS|  |TAMS 0x0000000083900000| PB 0x0000000083900000| Complete 
|  58|0x0000000083a00000, 0x0000000083b00000, 0x0000000083b00000|100%|HC|  |TAMS 0x0000000083a00000| PB 0x0000000083a00000| Complete 
|  59|0x0000000083b00000, 0x0000000083c00000, 0x0000000083c00000|100%|HS|  |TAMS 0x0000000083b00000| PB 0x0000000083b00000| Complete 
|  60|0x0000000083c00000, 0x0000000083d00000, 0x0000000083d00000|100%|HC|  |TAMS 0x0000000083c00000| PB 0x0000000083c00000| Complete 
|  61|0x0000000083d00000, 0x0000000083e00000, 0x0000000083e00000|100%|HS|  |TAMS 0x0000000083d00000| PB 0x0000000083d00000| Complete 
|  62|0x0000000083e00000, 0x0000000083f00000, 0x0000000083f00000|100%|HC|  |TAMS 0x0000000083e00000| PB 0x0000000083e00000| Complete 
|  63|0x0000000083f00000, 0x0000000084000000, 0x0000000084000000|100%|HC|  |TAMS 0x0000000083f00000| PB 0x0000000083f00000| Complete 
|  64|0x0000000084000000, 0x0000000084100000, 0x0000000084100000|100%|HS|  |TAMS 0x0000000084000000| PB 0x0000000084000000| Complete 
|  65|0x0000000084100000, 0x0000000084200000, 0x0000000084200000|100%|HS|  |TAMS 0x0000000084100000| PB 0x0000000084100000| Complete 
|  66|0x0000000084200000, 0x0000000084300000, 0x0000000084300000|100%| O|  |TAMS 0x0000000084200000| PB 0x0000000084200000| Untracked 
|  67|0x0000000084300000, 0x0000000084400000, 0x0000000084400000|100%|HS|  |TAMS 0x0000000084300000| PB 0x0000000084300000| Complete 
|  68|0x0000000084400000, 0x0000000084500000, 0x0000000084500000|100%|HS|  |TAMS 0x0000000084400000| PB 0x0000000084400000| Complete 
|  69|0x0000000084500000, 0x0000000084600000, 0x0000000084600000|100%| O|  |TAMS 0x0000000084500000| PB 0x0000000084500000| Untracked 
|  70|0x0000000084600000, 0x0000000084700000, 0x0000000084700000|100%| O|  |TAMS 0x0000000084600000| PB 0x0000000084600000| Untracked 
|  71|0x0000000084700000, 0x0000000084800000, 0x0000000084800000|100%| O|  |TAMS 0x0000000084700000| PB 0x0000000084700000| Untracked 
|  72|0x0000000084800000, 0x0000000084900000, 0x0000000084900000|100%| O|  |TAMS 0x0000000084800000| PB 0x0000000084800000| Untracked 
|  73|0x0000000084900000, 0x0000000084a00000, 0x0000000084a00000|100%| O|  |TAMS 0x0000000084900000| PB 0x0000000084900000| Untracked 
|  74|0x0000000084a00000, 0x0000000084b00000, 0x0000000084b00000|100%| O|  |TAMS 0x0000000084a00000| PB 0x0000000084a00000| Untracked 
|  75|0x0000000084b00000, 0x0000000084c00000, 0x0000000084c00000|100%| O|  |TAMS 0x0000000084b00000| PB 0x0000000084b00000| Untracked 
|  76|0x0000000084c00000, 0x0000000084d00000, 0x0000000084d00000|100%| O|  |TAMS 0x0000000084c00000| PB 0x0000000084c00000| Untracked 
|  77|0x0000000084d00000, 0x0000000084e00000, 0x0000000084e00000|100%| O|  |TAMS 0x0000000084d00000| PB 0x0000000084d00000| Untracked 
|  78|0x0000000084e00000, 0x0000000084f00000, 0x0000000084f00000|100%|HS|  |TAMS 0x0000000084e00000| PB 0x0000000084e00000| Complete 
|  79|0x0000000084f00000, 0x0000000085000000, 0x0000000085000000|100%| O|  |TAMS 0x0000000084f00000| PB 0x0000000084f00000| Untracked 
|  80|0x0000000085000000, 0x0000000085100000, 0x0000000085100000|100%| O|  |TAMS 0x0000000085000000| PB 0x0000000085000000| Untracked 
|  81|0x0000000085100000, 0x0000000085200000, 0x0000000085200000|100%| O|  |TAMS 0x0000000085100000| PB 0x0000000085100000| Untracked 
|  82|0x0000000085200000, 0x000000008522ee68, 0x0000000085300000| 18%| O|  |TAMS 0x0000000085200000| PB 0x0000000085200000| Untracked 
|  83|0x0000000085300000, 0x0000000085400000, 0x0000000085400000|100%|HS|  |TAMS 0x0000000085300000| PB 0x0000000085300000| Complete 
|  84|0x0000000085400000, 0x0000000085500000, 0x0000000085500000|100%|HC|  |TAMS 0x0000000085400000| PB 0x0000000085400000| Complete 
|  85|0x0000000085500000, 0x0000000085600000, 0x0000000085600000|100%|HC|  |TAMS 0x0000000085500000| PB 0x0000000085500000| Complete 
|  86|0x0000000085600000, 0x0000000085600000, 0x0000000085700000|  0%| F|  |TAMS 0x0000000085600000| PB 0x0000000085600000| Untracked 
|  87|0x0000000085700000, 0x0000000085700000, 0x0000000085800000|  0%| F|  |TAMS 0x0000000085700000| PB 0x0000000085700000| Untracked 
|  88|0x0000000085800000, 0x0000000085800000, 0x0000000085900000|  0%| F|  |TAMS 0x0000000085800000| PB 0x0000000085800000| Untracked 
|  89|0x0000000085900000, 0x0000000085900000, 0x0000000085a00000|  0%| F|  |TAMS 0x0000000085900000| PB 0x0000000085900000| Untracked 
|  90|0x0000000085a00000, 0x0000000085a00000, 0x0000000085b00000|  0%| F|  |TAMS 0x0000000085a00000| PB 0x0000000085a00000| Untracked 
|  91|0x0000000085b00000, 0x0000000085b00000, 0x0000000085c00000|  0%| F|  |TAMS 0x0000000085b00000| PB 0x0000000085b00000| Untracked 
|  92|0x0000000085c00000, 0x0000000085c00000, 0x0000000085d00000|  0%| F|  |TAMS 0x0000000085c00000| PB 0x0000000085c00000| Untracked 
|  93|0x0000000085d00000, 0x0000000085d00000, 0x0000000085e00000|  0%| F|  |TAMS 0x0000000085d00000| PB 0x0000000085d00000| Untracked 
|  94|0x0000000085e00000, 0x0000000085e00000, 0x0000000085f00000|  0%| F|  |TAMS 0x0000000085e00000| PB 0x0000000085e00000| Untracked 
|  95|0x0000000085f00000, 0x0000000085f00000, 0x0000000086000000|  0%| F|  |TAMS 0x0000000085f00000| PB 0x0000000085f00000| Untracked 
|  96|0x0000000086000000, 0x0000000086000000, 0x0000000086100000|  0%| F|  |TAMS 0x0000000086000000| PB 0x0000000086000000| Untracked 
|  97|0x0000000086100000, 0x0000000086100000, 0x0000000086200000|  0%| F|  |TAMS 0x0000000086100000| PB 0x0000000086100000| Untracked 
|  98|0x0000000086200000, 0x0000000086200000, 0x0000000086300000|  0%| F|  |TAMS 0x0000000086200000| PB 0x0000000086200000| Untracked 
|  99|0x0000000086300000, 0x0000000086300000, 0x0000000086400000|  0%| F|  |TAMS 0x0000000086300000| PB 0x0000000086300000| Untracked 
| 100|0x0000000086400000, 0x0000000086400000, 0x0000000086500000|  0%| F|  |TAMS 0x0000000086400000| PB 0x0000000086400000| Untracked 
| 101|0x0000000086500000, 0x0000000086500000, 0x0000000086600000|  0%| F|  |TAMS 0x0000000086500000| PB 0x0000000086500000| Untracked 
| 102|0x0000000086600000, 0x0000000086600000, 0x0000000086700000|  0%| F|  |TAMS 0x0000000086600000| PB 0x0000000086600000| Untracked 
| 103|0x0000000086700000, 0x0000000086700000, 0x0000000086800000|  0%| F|  |TAMS 0x0000000086700000| PB 0x0000000086700000| Untracked 
| 104|0x0000000086800000, 0x0000000086800000, 0x0000000086900000|  0%| F|  |TAMS 0x0000000086800000| PB 0x0000000086800000| Untracked 
| 105|0x0000000086900000, 0x0000000086900000, 0x0000000086a00000|  0%| F|  |TAMS 0x0000000086900000| PB 0x0000000086900000| Untracked 
| 106|0x0000000086a00000, 0x0000000086a00000, 0x0000000086b00000|  0%| F|  |TAMS 0x0000000086a00000| PB 0x0000000086a00000| Untracked 
| 107|0x0000000086b00000, 0x0000000086b00000, 0x0000000086c00000|  0%| F|  |TAMS 0x0000000086b00000| PB 0x0000000086b00000| Untracked 
| 108|0x0000000086c00000, 0x0000000086c00000, 0x0000000086d00000|  0%| F|  |TAMS 0x0000000086c00000| PB 0x0000000086c00000| Untracked 
| 109|0x0000000086d00000, 0x0000000086d00000, 0x0000000086e00000|  0%| F|  |TAMS 0x0000000086d00000| PB 0x0000000086d00000| Untracked 
| 110|0x0000000086e00000, 0x0000000086e00000, 0x0000000086f00000|  0%| F|  |TAMS 0x0000000086e00000| PB 0x0000000086e00000| Untracked 
| 111|0x0000000086f00000, 0x0000000086f00000, 0x0000000087000000|  0%| F|  |TAMS 0x0000000086f00000| PB 0x0000000086f00000| Untracked 
| 112|0x0000000087000000, 0x0000000087000000, 0x0000000087100000|  0%| F|  |TAMS 0x0000000087000000| PB 0x0000000087000000| Untracked 
| 113|0x0000000087100000, 0x0000000087100000, 0x0000000087200000|  0%| F|  |TAMS 0x0000000087100000| PB 0x0000000087100000| Untracked 
| 114|0x0000000087200000, 0x0000000087200000, 0x0000000087300000|  0%| F|  |TAMS 0x0000000087200000| PB 0x0000000087200000| Untracked 
| 115|0x0000000087300000, 0x0000000087300000, 0x0000000087400000|  0%| F|  |TAMS 0x0000000087300000| PB 0x0000000087300000| Untracked 
| 116|0x0000000087400000, 0x0000000087400000, 0x0000000087500000|  0%| F|  |TAMS 0x0000000087400000| PB 0x0000000087400000| Untracked 
| 117|0x0000000087500000, 0x0000000087500000, 0x0000000087600000|  0%| F|  |TAMS 0x0000000087500000| PB 0x0000000087500000| Untracked 
| 118|0x0000000087600000, 0x0000000087600000, 0x0000000087700000|  0%| F|  |TAMS 0x0000000087600000| PB 0x0000000087600000| Untracked 
| 119|0x0000000087700000, 0x0000000087700000, 0x0000000087800000|  0%| F|  |TAMS 0x0000000087700000| PB 0x0000000087700000| Untracked 
| 120|0x0000000087800000, 0x0000000087800000, 0x0000000087900000|  0%| F|  |TAMS 0x0000000087800000| PB 0x0000000087800000| Untracked 
| 121|0x0000000087900000, 0x0000000087900000, 0x0000000087a00000|  0%| F|  |TAMS 0x0000000087900000| PB 0x0000000087900000| Untracked 
| 122|0x0000000087a00000, 0x0000000087a00000, 0x0000000087b00000|  0%| F|  |TAMS 0x0000000087a00000| PB 0x0000000087a00000| Untracked 
| 123|0x0000000087b00000, 0x0000000087b00000, 0x0000000087c00000|  0%| F|  |TAMS 0x0000000087b00000| PB 0x0000000087b00000| Untracked 
| 124|0x0000000087c00000, 0x0000000087c00000, 0x0000000087d00000|  0%| F|  |TAMS 0x0000000087c00000| PB 0x0000000087c00000| Untracked 
| 125|0x0000000087d00000, 0x0000000087d00000, 0x0000000087e00000|  0%| F|  |TAMS 0x0000000087d00000| PB 0x0000000087d00000| Untracked 
| 126|0x0000000087e00000, 0x0000000087eadb18, 0x0000000087f00000| 67%| S|CS|TAMS 0x0000000087e00000| PB 0x0000000087e00000| Complete 
| 127|0x0000000087f00000, 0x0000000088000000, 0x0000000088000000|100%| S|CS|TAMS 0x0000000087f00000| PB 0x0000000087f00000| Complete 
| 128|0x0000000088000000, 0x0000000088100000, 0x0000000088100000|100%| S|CS|TAMS 0x0000000088000000| PB 0x0000000088000000| Complete 
| 129|0x0000000088100000, 0x0000000088100000, 0x0000000088200000|  0%| F|  |TAMS 0x0000000088100000| PB 0x0000000088100000| Untracked 
| 130|0x0000000088200000, 0x0000000088200000, 0x0000000088300000|  0%| F|  |TAMS 0x0000000088200000| PB 0x0000000088200000| Untracked 
| 131|0x0000000088300000, 0x0000000088300000, 0x0000000088400000|  0%| F|  |TAMS 0x0000000088300000| PB 0x0000000088300000| Untracked 
| 132|0x0000000088400000, 0x0000000088400000, 0x0000000088500000|  0%| F|  |TAMS 0x0000000088400000| PB 0x0000000088400000| Untracked 
| 133|0x0000000088500000, 0x0000000088500000, 0x0000000088600000|  0%| F|  |TAMS 0x0000000088500000| PB 0x0000000088500000| Untracked 
| 134|0x0000000088600000, 0x0000000088600000, 0x0000000088700000|  0%| F|  |TAMS 0x0000000088600000| PB 0x0000000088600000| Untracked 
| 135|0x0000000088700000, 0x0000000088700000, 0x0000000088800000|  0%| F|  |TAMS 0x0000000088700000| PB 0x0000000088700000| Untracked 
| 136|0x0000000088800000, 0x0000000088900000, 0x0000000088900000|100%| E|CS|TAMS 0x0000000088800000| PB 0x0000000088800000| Complete 
| 137|0x0000000088900000, 0x0000000088900000, 0x0000000088a00000|  0%| F|  |TAMS 0x0000000088900000| PB 0x0000000088900000| Untracked 
| 138|0x0000000088a00000, 0x0000000088a00000, 0x0000000088b00000|  0%| F|  |TAMS 0x0000000088a00000| PB 0x0000000088a00000| Untracked 
| 139|0x0000000088b00000, 0x0000000088b00000, 0x0000000088c00000|  0%| F|  |TAMS 0x0000000088b00000| PB 0x0000000088b00000| Untracked 
| 140|0x0000000088c00000, 0x0000000088c00000, 0x0000000088d00000|  0%| F|  |TAMS 0x0000000088c00000| PB 0x0000000088c00000| Untracked 
| 141|0x0000000088d00000, 0x0000000088d00000, 0x0000000088e00000|  0%| F|  |TAMS 0x0000000088d00000| PB 0x0000000088d00000| Untracked 
| 142|0x0000000088e00000, 0x0000000088e00000, 0x0000000088f00000|  0%| F|  |TAMS 0x0000000088e00000| PB 0x0000000088e00000| Untracked 
| 143|0x0000000088f00000, 0x0000000088f00000, 0x0000000089000000|  0%| F|  |TAMS 0x0000000088f00000| PB 0x0000000088f00000| Untracked 
| 144|0x0000000089000000, 0x0000000089080000, 0x0000000089100000| 50%| E|  |TAMS 0x0000000089000000| PB 0x0000000089000000| Complete 
| 145|0x0000000089100000, 0x0000000089200000, 0x0000000089200000|100%| E|CS|TAMS 0x0000000089100000| PB 0x0000000089100000| Complete 
| 146|0x0000000089200000, 0x0000000089300000, 0x0000000089300000|100%| E|CS|TAMS 0x0000000089200000| PB 0x0000000089200000| Complete 
|2046|0x00000000ffe00000, 0x00000000fff00000, 0x00000000fff00000|100%| O|  |TAMS 0x00000000ffe00000| PB 0x00000000ffe00000| Untracked 
|2047|0x00000000fff00000, 0x0000000100000000, 0x0000000100000000|100%| E|CS|TAMS 0x00000000fff00000| PB 0x00000000fff00000| Complete 

Card table byte_map: [0x0000022d77150000,0x0000022d77550000] _byte_map_base: 0x0000022d76d50000

Marking Bits: (CMBitMap*) 0x0000022d5d34b920
 Bits: [0x0000022d77550000, 0x0000022d79550000)

Polling page: 0x0000022d670a0000

Metaspace:

Usage:
  Non-class:     62.71 MB used.
      Class:      9.98 MB used.
       Both:     72.70 MB used.

Virtual space:
  Non-class space:       64.00 MB reserved,      63.75 MB (>99%) committed,  1 nodes.
      Class space:        1.00 GB reserved,      11.00 MB (  1%) committed,  1 nodes.
             Both:        1.06 GB reserved,      74.75 MB (  7%) committed. 

Chunk freelists:
   Non-Class:  160.00 KB
       Class:  4.95 MB
        Both:  5.11 MB

MaxMetaspaceSize: unlimited
CompressedClassSpaceSize: 1.00 GB
Initial GC threshold: 21.00 MB
Current GC threshold: 124.19 MB
CDS: on
 - commit_granule_bytes: 65536.
 - commit_granule_words: 8192.
 - virtual_space_node_default_size: 8388608.
 - enlarge_chunks_in_place: 1.
 - use_allocation_guard: 0.


Internal statistics:

num_allocs_failed_limit: 6.
num_arena_births: 3706.
num_arena_deaths: 0.
num_vsnodes_births: 2.
num_vsnodes_deaths: 0.
num_space_committed: 1196.
num_space_uncommitted: 0.
num_chunks_returned_to_freelist: 6.
num_chunks_taken_from_freelist: 7108.
num_chunk_merges: 6.
num_chunk_splits: 4634.
num_chunks_enlarged: 2895.
num_inconsistent_stats: 0.

CodeHeap 'non-profiled nmethods': size=120000Kb used=4743Kb max_used=5133Kb free=115256Kb
 bounds [0x0000022d6eb90000, 0x0000022d6f0a0000, 0x0000022d760c0000]
CodeHeap 'profiled nmethods': size=120000Kb used=14988Kb max_used=15422Kb free=105011Kb
 bounds [0x0000022d670c0000, 0x0000022d67fe0000, 0x0000022d6e5f0000]
CodeHeap 'non-nmethods': size=5760Kb used=2839Kb max_used=2874Kb free=2920Kb
 bounds [0x0000022d6e5f0000, 0x0000022d6e8e0000, 0x0000022d6eb90000]
 total_blobs=9278 nmethods=8332 adapters=850
 compilation: enabled
              stopped_count=0, restarted_count=0
 full_count=0

Compilation events (20 events):
Event: 16.529 Thread 0x0000022d7c265f40 9838       4       jdk.internal.loader.URLClassPath$JarLoader$2::getBytes (48 bytes)
Event: 16.553 Thread 0x0000022d7c264ea0 9839       1       org.gradle.api.internal.provider.ValueSupplier$Present::isMissing (2 bytes)
Event: 16.553 Thread 0x0000022d7c264ea0 nmethod 9839 0x0000022d6f08d790 code [0x0000022d6f08d920, 0x0000022d6f08d9e8]
Event: 16.553 Thread 0x0000022d7c264ea0 9840       3       java.lang.invoke.DirectMethodHandle$Holder::invokeStatic (14 bytes)
Event: 16.553 Thread 0x0000022d7c264ea0 nmethod 9840 0x0000022d67fcd790 code [0x0000022d67fcd960, 0x0000022d67fcdd10]
Event: 16.554 Thread 0x0000022d7c264ea0 9841   !   3       com.sun.jmx.mbeanserver.Introspector::descriptorForAnnotations (248 bytes)
Event: 16.556 Thread 0x0000022d7c264ea0 nmethod 9841 0x0000022d67fcde10 code [0x0000022d67fce1e0, 0x0000022d67fcfac0]
Event: 16.563 Thread 0x0000022d7e458aa0 nmethod 9796 0x0000022d6f08da90 code [0x0000022d6f08df00, 0x0000022d6f090a60]
Event: 16.564 Thread 0x0000022d7e458aa0 9842       4       java.lang.StringConcatHelper::checkOverflow (17 bytes)
Event: 16.564 Thread 0x0000022d7e458aa0 nmethod 9842 0x0000022d6f091f90 code [0x0000022d6f092120, 0x0000022d6f0921a8]
Event: 16.571 Thread 0x0000022d7e458aa0 9843   !   4       java.util.zip.InflaterInputStream::read (129 bytes)
Event: 16.582 Thread 0x0000022d7e458aa0 nmethod 9843 0x0000022d6f092290 code [0x0000022d6f0924c0, 0x0000022d6f092fe8]
Event: 16.588 Thread 0x0000022d7c264ea0 9844       3       org.gradle.api.internal.provider.DefaultValueSourceProviderFactory$LazilyObtainedValue::obtainedValue (21 bytes)
Event: 16.589 Thread 0x0000022d7c264ea0 nmethod 9844 0x0000022d67fd0510 code [0x0000022d67fd06c0, 0x0000022d67fd0a60]
Event: 16.589 Thread 0x0000022d7c264ea0 9845   !   3       jdk.proxy1.$Proxy74::valueObtained (38 bytes)
Event: 16.589 Thread 0x0000022d7c264ea0 nmethod 9845 0x0000022d67fd0b90 code [0x0000022d67fd0d80, 0x0000022d67fd1428]
Event: 16.596 Thread 0x0000022d7e458aa0 9846       4       org.gradle.internal.io.StreamByteBuffer$StreamByteBufferInputStream::readImpl (150 bytes)
Event: 16.623 Thread 0x0000022d7e458aa0 nmethod 9846 0x0000022d6ec31390 code [0x0000022d6ec315c0, 0x0000022d6ec32038]
Event: 16.626 Thread 0x0000022d7c264ea0 9847       3       org.gradle.cache.internal.DefaultCrossBuildInMemoryCacheFactory$DefaultCrossBuildInMemoryCache::retainValue (20 bytes)
Event: 16.627 Thread 0x0000022d7c264ea0 nmethod 9847 0x0000022d675b0c90 code [0x0000022d675b0e80, 0x0000022d675b1338]

GC Heap History (20 events):
Event: 12.627 GC heap before
{Heap before GC invocations=16 (full 0):
 garbage-first heap   total 103424K, used 90700K [0x0000000080000000, 0x0000000100000000)
  region size 1024K, 42 young (43008K), 5 survivors (5120K)
 Metaspace       used 58073K, committed 59904K, reserved 1114112K
  class space    used 8126K, committed 9024K, reserved 1048576K
}
Event: 12.630 GC heap after
{Heap after GC invocations=17 (full 0):
 garbage-first heap   total 103424K, used 54370K [0x0000000080000000, 0x0000000100000000)
  region size 1024K, 5 young (5120K), 5 survivors (5120K)
 Metaspace       used 58073K, committed 59904K, reserved 1114112K
  class space    used 8126K, committed 9024K, reserved 1048576K
}
Event: 12.818 GC heap before
{Heap before GC invocations=18 (full 0):
 garbage-first heap   total 103424K, used 89186K [0x0000000080000000, 0x0000000100000000)
  region size 1024K, 40 young (40960K), 5 survivors (5120K)
 Metaspace       used 58081K, committed 59904K, reserved 1114112K
  class space    used 8126K, committed 9024K, reserved 1048576K
}
Event: 12.822 GC heap after
{Heap after GC invocations=19 (full 0):
 garbage-first heap   total 124928K, used 55289K [0x0000000080000000, 0x0000000100000000)
  region size 1024K, 5 young (5120K), 5 survivors (5120K)
 Metaspace       used 58081K, committed 59904K, reserved 1114112K
  class space    used 8126K, committed 9024K, reserved 1048576K
}
Event: 13.083 GC heap before
{Heap before GC invocations=19 (full 0):
 garbage-first heap   total 124928K, used 107513K [0x0000000080000000, 0x0000000100000000)
  region size 1024K, 57 young (58368K), 5 survivors (5120K)
 Metaspace       used 58154K, committed 60032K, reserved 1114112K
  class space    used 8146K, committed 9088K, reserved 1048576K
}
Event: 13.088 GC heap after
{Heap after GC invocations=20 (full 0):
 garbage-first heap   total 124928K, used 56211K [0x0000000080000000, 0x0000000100000000)
  region size 1024K, 6 young (6144K), 6 survivors (6144K)
 Metaspace       used 58154K, committed 60032K, reserved 1114112K
  class space    used 8146K, committed 9088K, reserved 1048576K
}
Event: 13.147 GC heap before
{Heap before GC invocations=20 (full 0):
 garbage-first heap   total 124928K, used 59283K [0x0000000080000000, 0x0000000100000000)
  region size 1024K, 10 young (10240K), 6 survivors (6144K)
 Metaspace       used 58196K, committed 60096K, reserved 1114112K
  class space    used 8148K, committed 9088K, reserved 1048576K
}
Event: 13.151 GC heap after
{Heap after GC invocations=21 (full 0):
 garbage-first heap   total 124928K, used 56708K [0x0000000080000000, 0x0000000100000000)
  region size 1024K, 1 young (1024K), 1 survivors (1024K)
 Metaspace       used 58196K, committed 60096K, reserved 1114112K
  class space    used 8148K, committed 9088K, reserved 1048576K
}
Event: 13.947 GC heap before
{Heap before GC invocations=22 (full 0):
 garbage-first heap   total 124928K, used 123268K [0x0000000080000000, 0x0000000100000000)
  region size 1024K, 53 young (54272K), 1 survivors (1024K)
 Metaspace       used 61796K, committed 63680K, reserved 1114112K
  class space    used 8549K, committed 9472K, reserved 1048576K
}
Event: 13.952 GC heap after
{Heap after GC invocations=23 (full 0):
 garbage-first heap   total 134144K, used 78156K [0x0000000080000000, 0x0000000100000000)
  region size 1024K, 7 young (7168K), 7 survivors (7168K)
 Metaspace       used 61796K, committed 63680K, reserved 1114112K
  class space    used 8549K, committed 9472K, reserved 1048576K
}
Event: 14.643 GC heap before
{Heap before GC invocations=23 (full 0):
 garbage-first heap   total 134144K, used 117068K [0x0000000080000000, 0x0000000100000000)
  region size 1024K, 46 young (47104K), 7 survivors (7168K)
 Metaspace       used 65657K, committed 67712K, reserved 1114112K
  class space    used 9106K, committed 10112K, reserved 1048576K
}
Event: 14.648 GC heap after
{Heap after GC invocations=24 (full 0):
 garbage-first heap   total 134144K, used 79229K [0x0000000080000000, 0x0000000100000000)
  region size 1024K, 2 young (2048K), 2 survivors (2048K)
 Metaspace       used 65657K, committed 67712K, reserved 1114112K
  class space    used 9106K, committed 10112K, reserved 1048576K
}
Event: 14.796 GC heap before
{Heap before GC invocations=24 (full 0):
 garbage-first heap   total 134144K, used 83325K [0x0000000080000000, 0x0000000100000000)
  region size 1024K, 7 young (7168K), 2 survivors (2048K)
 Metaspace       used 66870K, committed 68928K, reserved 1114112K
  class space    used 9226K, committed 10240K, reserved 1048576K
}
Event: 14.799 GC heap after
{Heap after GC invocations=25 (full 0):
 garbage-first heap   total 134144K, used 80203K [0x0000000080000000, 0x0000000100000000)
  region size 1024K, 3 young (3072K), 3 survivors (3072K)
 Metaspace       used 66870K, committed 68928K, reserved 1114112K
  class space    used 9226K, committed 10240K, reserved 1048576K
}
Event: 15.451 GC heap before
{Heap before GC invocations=26 (full 0):
 garbage-first heap   total 142336K, used 127307K [0x0000000080000000, 0x0000000100000000)
  region size 1024K, 44 young (45056K), 3 survivors (3072K)
 Metaspace       used 69041K, committed 71104K, reserved 1114112K
  class space    used 9532K, committed 10560K, reserved 1048576K
}
Event: 15.455 GC heap after
{Heap after GC invocations=27 (full 0):
 garbage-first heap   total 142336K, used 84621K [0x0000000080000000, 0x0000000100000000)
  region size 1024K, 6 young (6144K), 6 survivors (6144K)
 Metaspace       used 69041K, committed 71104K, reserved 1114112K
  class space    used 9532K, committed 10560K, reserved 1048576K
}
Event: 16.280 GC heap before
{Heap before GC invocations=27 (full 0):
 garbage-first heap   total 142336K, used 126605K [0x0000000080000000, 0x0000000100000000)
  region size 1024K, 48 young (49152K), 6 survivors (6144K)
 Metaspace       used 72414K, committed 74496K, reserved 1114112K
  class space    used 9960K, committed 11008K, reserved 1048576K
}
Event: 16.286 GC heap after
{Heap after GC invocations=28 (full 0):
 garbage-first heap   total 142336K, used 86394K [0x0000000080000000, 0x0000000100000000)
  region size 1024K, 3 young (3072K), 3 survivors (3072K)
 Metaspace       used 72414K, committed 74496K, reserved 1114112K
  class space    used 9960K, committed 11008K, reserved 1048576K
}
Event: 16.559 GC heap before
{Heap before GC invocations=28 (full 0):
 garbage-first heap   total 142336K, used 94586K [0x0000000080000000, 0x0000000100000000)
  region size 1024K, 12 young (12288K), 3 survivors (3072K)
 Metaspace       used 74104K, committed 76224K, reserved 1114112K
  class space    used 10150K, committed 11200K, reserved 1048576K
}
Event: 16.562 GC heap after
{Heap after GC invocations=29 (full 0):
 garbage-first heap   total 142336K, used 86898K [0x0000000080000000, 0x0000000100000000)
  region size 1024K, 3 young (3072K), 3 survivors (3072K)
 Metaspace       used 74104K, committed 76224K, reserved 1114112K
  class space    used 10150K, committed 11200K, reserved 1048576K
}

Dll operation events (15 events):
Event: 0.013 Loaded shared library C:\Program Files\Eclipse Adoptium\jdk-21.0.7.6-hotspot\bin\java.dll
Event: 0.045 Loaded shared library C:\Program Files\Eclipse Adoptium\jdk-21.0.7.6-hotspot\bin\jsvml.dll
Event: 0.091 Loaded shared library C:\Program Files\Eclipse Adoptium\jdk-21.0.7.6-hotspot\bin\zip.dll
Event: 0.097 Loaded shared library C:\Program Files\Eclipse Adoptium\jdk-21.0.7.6-hotspot\bin\instrument.dll
Event: 0.103 Loaded shared library C:\Program Files\Eclipse Adoptium\jdk-21.0.7.6-hotspot\bin\net.dll
Event: 0.108 Loaded shared library C:\Program Files\Eclipse Adoptium\jdk-21.0.7.6-hotspot\bin\nio.dll
Event: 0.112 Loaded shared library C:\Program Files\Eclipse Adoptium\jdk-21.0.7.6-hotspot\bin\zip.dll
Event: 0.333 Loaded shared library C:\Program Files\Eclipse Adoptium\jdk-21.0.7.6-hotspot\bin\jimage.dll
Event: 0.461 Loaded shared library C:\Program Files\Eclipse Adoptium\jdk-21.0.7.6-hotspot\bin\verify.dll
Event: 0.663 Loaded shared library C:\Users\dttsi\.gradle\native\1def1411415f61bf3af743bc5b6707747c0891f09f0c88961ee8f79bc544acac\windows-amd64\native-platform.dll
Event: 0.677 Loaded shared library C:\Users\dttsi\.gradle\native\0.2.7\x86_64-windows-gnu\gradle-fileevents.dll
Event: 1.834 Loaded shared library C:\Program Files\Eclipse Adoptium\jdk-21.0.7.6-hotspot\bin\management.dll
Event: 1.836 Loaded shared library C:\Program Files\Eclipse Adoptium\jdk-21.0.7.6-hotspot\bin\management_ext.dll
Event: 1.985 Loaded shared library C:\Program Files\Eclipse Adoptium\jdk-21.0.7.6-hotspot\bin\extnet.dll
Event: 2.343 Loaded shared library C:\Program Files\Eclipse Adoptium\jdk-21.0.7.6-hotspot\bin\sunmscapi.dll

Deoptimization events (20 events):
Event: 16.353 Thread 0x0000022d7e099220 Uncommon trap: trap_request=0xffffffde fr.pc=0x0000022d6ee7538c relative=0x000000000000016c
Event: 16.353 Thread 0x0000022d7e099220 Uncommon trap: reason=class_check action=maybe_recompile pc=0x0000022d6ee7538c method=java.lang.reflect.Array.newInstance(Ljava/lang/Class;I)Ljava/lang/Object; @ 2 c2
Event: 16.353 Thread 0x0000022d7e099220 DEOPT PACKING pc=0x0000022d6ee7538c sp=0x0000009baccf62f0
Event: 16.353 Thread 0x0000022d7e099220 DEOPT UNPACKING pc=0x0000022d6e6446a2 sp=0x0000009baccf6288 mode 2
Event: 16.466 Thread 0x0000022d7e099220 Uncommon trap: trap_request=0xffffff45 fr.pc=0x0000022d6f084dd8 relative=0x00000000000000b8
Event: 16.466 Thread 0x0000022d7e099220 Uncommon trap: reason=unstable_if action=reinterpret pc=0x0000022d6f084dd8 method=jdk.internal.util.xml.impl.Parser.bappend(CC)V @ 1 c2
Event: 16.466 Thread 0x0000022d7e099220 DEOPT PACKING pc=0x0000022d6f084dd8 sp=0x0000009baccf69c0
Event: 16.466 Thread 0x0000022d7e099220 DEOPT UNPACKING pc=0x0000022d6e6446a2 sp=0x0000009baccf6948 mode 2
Event: 16.466 Thread 0x0000022d7e099220 Uncommon trap: trap_request=0xffffff45 fr.pc=0x0000022d6f084a14 relative=0x0000000000000074
Event: 16.466 Thread 0x0000022d7e099220 Uncommon trap: reason=unstable_if action=reinterpret pc=0x0000022d6f084a14 method=jdk.internal.util.xml.impl.Parser.ensureCapacity(I)V @ 40 c2
Event: 16.466 Thread 0x0000022d7e099220 DEOPT PACKING pc=0x0000022d6f084a14 sp=0x0000009baccf69c0
Event: 16.466 Thread 0x0000022d7e099220 DEOPT UNPACKING pc=0x0000022d6e6446a2 sp=0x0000009baccf6938 mode 2
Event: 16.497 Thread 0x0000022d7e099220 Uncommon trap: trap_request=0xffffff45 fr.pc=0x0000022d6f0429b0 relative=0x0000000000000a30
Event: 16.497 Thread 0x0000022d7e099220 Uncommon trap: reason=unstable_if action=reinterpret pc=0x0000022d6f0429b0 method=sun.reflect.generics.parser.SignatureParser.parseTypeSignature()Lsun/reflect/generics/tree/TypeSignature; @ 4 c2
Event: 16.497 Thread 0x0000022d7e099220 DEOPT PACKING pc=0x0000022d6f0429b0 sp=0x0000009baccf7560
Event: 16.497 Thread 0x0000022d7e099220 DEOPT UNPACKING pc=0x0000022d6e6446a2 sp=0x0000009baccf7538 mode 2
Event: 16.550 Thread 0x0000022d7e099220 Uncommon trap: trap_request=0xffffff45 fr.pc=0x0000022d6ecc747c relative=0x00000000000000bc
Event: 16.550 Thread 0x0000022d7e099220 Uncommon trap: reason=unstable_if action=reinterpret pc=0x0000022d6ecc747c method=java.lang.invoke.LambdaForm$BasicType.basicType(C)Ljava/lang/invoke/LambdaForm$BasicType; @ 1 c2
Event: 16.550 Thread 0x0000022d7e099220 DEOPT PACKING pc=0x0000022d6ecc747c sp=0x0000009baccf7000
Event: 16.550 Thread 0x0000022d7e099220 DEOPT UNPACKING pc=0x0000022d6e6446a2 sp=0x0000009baccf6f30 mode 2

Classes loaded (20 events):
Event: 16.504 Loading class jdk/jfr/FlightRecorder
Event: 16.505 Loading class jdk/jfr/FlightRecorder done
Event: 16.505 Loading class javax/management/NotificationListener
Event: 16.505 Loading class javax/management/NotificationListener done
Event: 16.505 Loading class javax/management/NotificationFilter
Event: 16.505 Loading class javax/management/NotificationFilter done
Event: 16.505 Loading class jdk/management/jfr/FlightRecorderMXBeanImpl$MXBeanListener
Event: 16.506 Loading class jdk/jfr/FlightRecorderListener
Event: 16.507 Loading class jdk/jfr/FlightRecorderListener done
Event: 16.507 Loading class jdk/management/jfr/FlightRecorderMXBeanImpl$MXBeanListener done
Event: 16.507 Loading class javax/management/ListenerNotFoundException
Event: 16.507 Loading class javax/management/OperationsException
Event: 16.507 Loading class javax/management/JMException
Event: 16.508 Loading class javax/management/JMException done
Event: 16.508 Loading class javax/management/OperationsException done
Event: 16.508 Loading class javax/management/ListenerNotFoundException done
Event: 16.549 Loading class com/sun/jmx/mbeanserver/StandardMBeanSupport
Event: 16.549 Loading class com/sun/jmx/mbeanserver/StandardMBeanSupport done
Event: 16.549 Loading class com/sun/jmx/mbeanserver/StandardMBeanIntrospector
Event: 16.549 Loading class com/sun/jmx/mbeanserver/StandardMBeanIntrospector done

Classes unloaded (0 events):
No events

Classes redefined (0 events):
No events

Internal exceptions (20 events):
Event: 14.347 Thread 0x0000022d7e099220 Exception <a 'java/lang/NoSuchMethodError'{0x0000000085f45728}: 'java.lang.Object java.lang.invoke.DirectMethodHandle$Holder.newInvokeSpecial(java.lang.Object, java.lang.Object, java.lang.Object, java.lang.Object, java.lang.Object, java.lang.Object, java.lang.Object, java.lang.Object, java.lang.Object, java.lang.Object, java.lang.Object, java.lang.Object, java.lang.Object, java.lang.Object, java.lang.Object, java.lang.Object)'> (0x0000000085f45728) 
thrown [s\src\hotspot\share\interpreter\linkResolver.cpp,
Event: 14.349 Thread 0x0000022d7e099220 Exception <a 'java/lang/NoSuchMethodError'{0x0000000085f4c390}: 'java.lang.Object java.lang.invoke.DirectMethodHandle$Holder.invokeSpecial(java.lang.Object, java.lang.Object, java.lang.Object, java.lang.Object, java.lang.Object, java.lang.Object, java.lang.Object, java.lang.Object, java.lang.Object, java.lang.Object, java.lang.Object, java.lang.Object, java.lang.Object, java.lang.Object, java.lang.Object, java.lang.Object, java.lang.Object)'> (0x0000000085f4c390) 
thrown [s\src\hotspot\share\interpreter\li
Event: 14.349 Thread 0x0000022d7e099220 Exception <a 'java/lang/NoSuchMethodError'{0x0000000085f51f70}: 'java.lang.Object java.lang.invoke.DelegatingMethodHandle$Holder.reinvoke_L(java.lang.Object, java.lang.Object, java.lang.Object, java.lang.Object, java.lang.Object, java.lang.Object, java.lang.Object, java.lang.Object, java.lang.Object, java.lang.Object, java.lang.Object, java.lang.Object, java.lang.Object, java.lang.Object, java.lang.Object, java.lang.Object)'> (0x0000000085f51f70) 
thrown [s\src\hotspot\share\interpreter\linkResolver.cpp, l
Event: 14.519 Thread 0x0000022d7e099220 Exception <a 'java/lang/NoSuchMethodError'{0x0000000085bba578}: 'void java.lang.invoke.DirectMethodHandle$Holder.invokeVirtual(java.lang.Object, java.lang.Object)'> (0x0000000085bba578) 
thrown [s\src\hotspot\share\interpreter\linkResolver.cpp, line 773]
Event: 15.910 Thread 0x0000022d7e099220 Implicit null exception at 0x0000022d6ec2c275 to 0x0000022d6ec2c350
Event: 16.212 Thread 0x0000022d7e099220 Exception <a 'java/lang/NoSuchMethodError'{0x0000000086244e10}: static Lorg/jetbrains/kotlin/gradle/plugin/internal/DefaultConfigurationTimePropertiesAccessorVariantFactory;.<clinit>()V> (0x0000000086244e10) 
thrown [s\src\hotspot\share\prims\jni.cpp, line 1111]
Event: 16.214 Thread 0x0000022d7e099220 Exception <a 'java/lang/NoSuchMethodError'{0x0000000086261b08}: static Lorg/jetbrains/kotlin/gradle/plugin/internal/DefaultProjectIsolationStartParameterAccessor$Factory;.<clinit>()V> (0x0000000086261b08) 
thrown [s\src\hotspot\share\prims\jni.cpp, line 1111]
Event: 16.216 Thread 0x0000022d7e099220 Exception <a 'java/lang/NoSuchMethodError'{0x000000008627f538}: static Lorg/jetbrains/kotlin/gradle/plugin/internal/DefaultSourceSetCompatibilityHelperVariantFactory;.<clinit>()V> (0x000000008627f538) 
thrown [s\src\hotspot\share\prims\jni.cpp, line 1111]
Event: 16.218 Thread 0x0000022d7e099220 Exception <a 'java/lang/NoSuchMethodError'{0x00000000862a7a68}: static Lorg/jetbrains/kotlin/gradle/plugin/internal/DefaultArtifactTypeAttributeAccessorVariantFactory;.<clinit>()V> (0x00000000862a7a68) 
thrown [s\src\hotspot\share\prims\jni.cpp, line 1111]
Event: 16.219 Thread 0x0000022d7e099220 Exception <a 'java/lang/NoSuchMethodError'{0x00000000862cfd58}: static Lorg/jetbrains/kotlin/gradle/plugin/internal/DefaultCompatibilityConventionRegistrar$Factory;.<clinit>()V> (0x00000000862cfd58) 
thrown [s\src\hotspot\share\prims\jni.cpp, line 1111]
Event: 16.221 Thread 0x0000022d7e099220 Exception <a 'java/lang/NoSuchMethodError'{0x00000000862ed528}: static Lorg/jetbrains/kotlin/gradle/plugin/internal/DefaultJavaSourceSetsAccessorVariantFactory;.<clinit>()V> (0x00000000862ed528) 
thrown [s\src\hotspot\share\prims\jni.cpp, line 1111]
Event: 16.223 Thread 0x0000022d7e099220 Exception <a 'java/lang/NoSuchMethodError'{0x000000008610a670}: static Lorg/jetbrains/kotlin/gradle/plugin/internal/DefaultIdeaSyncDetectorVariantFactory;.<clinit>()V> (0x000000008610a670) 
thrown [s\src\hotspot\share\prims\jni.cpp, line 1111]
Event: 16.225 Thread 0x0000022d7e099220 Exception <a 'java/lang/NoSuchMethodError'{0x0000000086128eb8}: static Lorg/jetbrains/kotlin/gradle/plugin/internal/DefaultKotlinTestReportCompatibilityHelperVariantFactory;.<clinit>()V> (0x0000000086128eb8) 
thrown [s\src\hotspot\share\prims\jni.cpp, line 1111]
Event: 16.227 Thread 0x0000022d7e099220 Exception <a 'java/lang/NoSuchMethodError'{0x0000000086146d18}: static Lorg/jetbrains/kotlin/gradle/plugin/internal/DefaultMppTestReportHelperVariantFactory;.<clinit>()V> (0x0000000086146d18) 
thrown [s\src\hotspot\share\prims\jni.cpp, line 1111]
Event: 16.228 Thread 0x0000022d7e099220 Exception <a 'java/lang/NoSuchMethodError'{0x0000000086163a90}: static Lorg/jetbrains/kotlin/gradle/plugin/internal/DefaultConfigurationCacheStartParameterAccessorVariantFactory;.<clinit>()V> (0x0000000086163a90) 
thrown [s\src\hotspot\share\prims\jni.cpp, line 1111]
Event: 16.229 Thread 0x0000022d7e099220 Exception <a 'java/lang/NoSuchMethodError'{0x0000000086181f50}: static Lorg/jetbrains/kotlin/gradle/plugin/internal/MavenPluginConfigurator$DefaultMavenPluginConfiguratorVariantFactory;.<clinit>()V> (0x0000000086181f50) 
thrown [s\src\hotspot\share\prims\jni.cpp, line 1111]
Event: 16.230 Thread 0x0000022d7e099220 Exception <a 'java/lang/NoSuchMethodError'{0x000000008619edb0}: static Lorg/jetbrains/kotlin/gradle/targets/js/nodejs/DefaultUnameExecutorVariantFactory;.<clinit>()V> (0x000000008619edb0) 
thrown [s\src\hotspot\share\prims\jni.cpp, line 1111]
Event: 16.233 Thread 0x0000022d7e099220 Exception <a 'java/lang/NoSuchMethodError'{0x00000000861bc6a8}: static Lorg/jetbrains/kotlin/gradle/plugin/internal/DefaultBasePluginConfigurationVariantFactory;.<clinit>()V> (0x00000000861bc6a8) 
thrown [s\src\hotspot\share\prims\jni.cpp, line 1111]
Event: 16.234 Thread 0x0000022d7e099220 Exception <a 'java/lang/NoSuchMethodError'{0x00000000861da378}: static Lorg/jetbrains/kotlin/gradle/plugin/internal/DefaultAttributeConfigurationHelperVariantFactory;.<clinit>()V> (0x00000000861da378) 
thrown [s\src\hotspot\share\prims\jni.cpp, line 1111]
Event: 16.336 Thread 0x0000022d7e099220 Exception <a 'java/lang/IncompatibleClassChangeError'{0x0000000088838938}: Found class java.lang.Object, but interface was expected> (0x0000000088838938) 
thrown [s\src\hotspot\share\interpreter\linkResolver.cpp, line 840]

ZGC Phase Switch (0 events):
No events

VM Operations (20 events):
Event: 14.747 Executing VM operation: HandshakeAllThreads (Deoptimize)
Event: 14.747 Executing VM operation: HandshakeAllThreads (Deoptimize) done
Event: 14.796 Executing VM operation: G1TryInitiateConcMark (G1 Humongous Allocation)
Event: 14.799 Executing VM operation: G1TryInitiateConcMark (G1 Humongous Allocation) done
Event: 14.832 Executing VM operation: G1PauseRemark
Event: 14.837 Executing VM operation: G1PauseRemark done
Event: 14.851 Executing VM operation: G1PauseCleanup
Event: 14.851 Executing VM operation: G1PauseCleanup done
Event: 15.450 Executing VM operation: G1CollectForAllocation (G1 Evacuation Pause)
Event: 15.455 Executing VM operation: G1CollectForAllocation (G1 Evacuation Pause) done
Event: 16.146 Executing VM operation: HandshakeAllThreads (Deoptimize)
Event: 16.146 Executing VM operation: HandshakeAllThreads (Deoptimize) done
Event: 16.280 Executing VM operation: G1CollectForAllocation (G1 Evacuation Pause)
Event: 16.286 Executing VM operation: G1CollectForAllocation (G1 Evacuation Pause) done
Event: 16.559 Executing VM operation: G1TryInitiateConcMark (G1 Humongous Allocation)
Event: 16.563 Executing VM operation: G1TryInitiateConcMark (G1 Humongous Allocation) done
Event: 16.603 Executing VM operation: G1PauseRemark
Event: 16.610 Executing VM operation: G1PauseRemark done
Event: 16.627 Executing VM operation: G1PauseCleanup
Event: 16.627 Executing VM operation: G1PauseCleanup done

Memory protections (0 events):
No events

Nmethod flushes (20 events):
Event: 16.609 Thread 0x0000022d7c224c60 flushing  nmethod 0x0000022d671a0e10
Event: 16.609 Thread 0x0000022d7c224c60 flushing  nmethod 0x0000022d6720fd90
Event: 16.609 Thread 0x0000022d7c224c60 flushing  nmethod 0x0000022d67213910
Event: 16.609 Thread 0x0000022d7c224c60 flushing  nmethod 0x0000022d6722ad10
Event: 16.609 Thread 0x0000022d7c224c60 flushing  nmethod 0x0000022d6722b090
Event: 16.609 Thread 0x0000022d7c224c60 flushing  nmethod 0x0000022d6722b690
Event: 16.609 Thread 0x0000022d7c224c60 flushing  nmethod 0x0000022d6722c990
Event: 16.609 Thread 0x0000022d7c224c60 flushing  nmethod 0x0000022d674a3310
Event: 16.609 Thread 0x0000022d7c224c60 flushing  nmethod 0x0000022d674a5b10
Event: 16.609 Thread 0x0000022d7c224c60 flushing  nmethod 0x0000022d67664610
Event: 16.609 Thread 0x0000022d7c224c60 flushing  nmethod 0x0000022d6768eb90
Event: 16.609 Thread 0x0000022d7c224c60 flushing  nmethod 0x0000022d6776cc10
Event: 16.609 Thread 0x0000022d7c224c60 flushing  nmethod 0x0000022d67770090
Event: 16.609 Thread 0x0000022d7c224c60 flushing  nmethod 0x0000022d67770710
Event: 16.609 Thread 0x0000022d7c224c60 flushing  nmethod 0x0000022d678fa210
Event: 16.609 Thread 0x0000022d7c224c60 flushing  nmethod 0x0000022d6793a010
Event: 16.609 Thread 0x0000022d7c224c60 flushing  nmethod 0x0000022d67ac1710
Event: 16.609 Thread 0x0000022d7c224c60 flushing  nmethod 0x0000022d67ac2510
Event: 16.609 Thread 0x0000022d7c224c60 flushing  nmethod 0x0000022d67ac3910
Event: 16.609 Thread 0x0000022d7c224c60 flushing  nmethod 0x0000022d67c5f690

Events (20 events):
Event: 11.699 Thread 0x0000022d7e099220 Thread added: 0x0000022d7e8a65e0
Event: 11.706 Thread 0x0000022d7e099220 Thread added: 0x0000022d7e8a58c0
Event: 11.710 Thread 0x0000022d7e099220 Thread added: 0x0000022d7e8a4510
Event: 11.716 Thread 0x0000022d7e099220 Thread added: 0x0000022d7e8a5f50
Event: 12.267 Thread 0x0000022d7e099220 Thread added: 0x0000022d7e8a7300
Event: 12.269 Thread 0x0000022d7e099220 Thread added: 0x0000022d7e8a7990
Event: 12.270 Thread 0x0000022d7e099220 Thread added: 0x0000022d7e8a5230
Event: 12.271 Thread 0x0000022d7e099220 Thread added: 0x0000022d7e8a4ba0
Event: 12.275 Thread 0x0000022d7e099220 Thread added: 0x0000022d48971550
Event: 12.277 Thread 0x0000022d7e099220 Thread added: 0x0000022d48970830
Event: 12.278 Thread 0x0000022d7e099220 Thread added: 0x0000022d489701a0
Event: 12.279 Thread 0x0000022d7e099220 Thread added: 0x0000022d4896fb10
Event: 12.280 Thread 0x0000022d7e099220 Thread added: 0x0000022d48972270
Event: 12.281 Thread 0x0000022d7e099220 Thread added: 0x0000022d4896f480
Event: 12.283 Thread 0x0000022d7e099220 Thread added: 0x0000022d48974340
Event: 14.467 Thread 0x0000022d7e099220 Thread added: 0x0000022d48971be0
Event: 16.152 Thread 0x0000022d473387e0 Thread exited: 0x0000022d473387e0
Event: 16.163 Thread 0x0000022d7e458aa0 Thread exited: 0x0000022d7e458aa0
Event: 16.258 Thread 0x0000022d7c264ea0 Thread added: 0x0000022d7e458aa0
Event: 16.631 Thread 0x0000022d7e099220 Thread added: 0x0000022d48975d80


Dynamic libraries:
0x00007ff718c90000 - 0x00007ff718c9e000 	C:\Program Files\Eclipse Adoptium\jdk-21.0.7.6-hotspot\bin\java.exe
0x00007ff9336a0000 - 0x00007ff933907000 	C:\WINDOWS\SYSTEM32\ntdll.dll
0x00007ff931fc0000 - 0x00007ff932089000 	C:\WINDOWS\System32\KERNEL32.DLL
0x00007ff930870000 - 0x00007ff930c60000 	C:\WINDOWS\System32\KERNELBASE.dll
0x00007ff930f70000 - 0x00007ff9310bb000 	C:\WINDOWS\System32\ucrtbase.dll
0x00007ff90e3f0000 - 0x00007ff90e408000 	C:\Program Files\Eclipse Adoptium\jdk-21.0.7.6-hotspot\bin\jli.dll
0x00007ff90d5a0000 - 0x00007ff90d5be000 	C:\Program Files\Eclipse Adoptium\jdk-21.0.7.6-hotspot\bin\VCRUNTIME140.dll
0x00007ff931430000 - 0x00007ff9315f5000 	C:\WINDOWS\System32\USER32.dll
0x00007ff91e680000 - 0x00007ff91e91a000 	C:\WINDOWS\WinSxS\amd64_microsoft.windows.common-controls_6595b64144ccf1df_6.0.26100.4768_none_3e0c112ce331287c\COMCTL32.dll
0x00007ff931400000 - 0x00007ff931427000 	C:\WINDOWS\System32\win32u.dll
0x00007ff932090000 - 0x00007ff932139000 	C:\WINDOWS\System32\msvcrt.dll
0x00007ff932520000 - 0x00007ff93254b000 	C:\WINDOWS\System32\GDI32.dll
0x00007ff931200000 - 0x00007ff931338000 	C:\WINDOWS\System32\gdi32full.dll
0x00007ff931150000 - 0x00007ff9311f3000 	C:\WINDOWS\System32\msvcp_win.dll
0x00007ff933350000 - 0x00007ff93337f000 	C:\WINDOWS\System32\IMM32.DLL
0x00007ff925980000 - 0x00007ff92598c000 	C:\Program Files\Eclipse Adoptium\jdk-21.0.7.6-hotspot\bin\vcruntime140_1.dll
0x00007ff8dabd0000 - 0x00007ff8dac5d000 	C:\Program Files\Eclipse Adoptium\jdk-21.0.7.6-hotspot\bin\msvcp140.dll
0x00007ff88ba60000 - 0x00007ff88c7f0000 	C:\Program Files\Eclipse Adoptium\jdk-21.0.7.6-hotspot\bin\server\jvm.dll
0x00007ff933490000 - 0x00007ff933544000 	C:\WINDOWS\System32\ADVAPI32.dll
0x00007ff932400000 - 0x00007ff9324a6000 	C:\WINDOWS\System32\sechost.dll
0x00007ff9322e0000 - 0x00007ff9323f8000 	C:\WINDOWS\System32\RPCRT4.dll
0x00007ff932e50000 - 0x00007ff932ec4000 	C:\WINDOWS\System32\WS2_32.dll
0x00007ff930630000 - 0x00007ff93068e000 	C:\WINDOWS\SYSTEM32\POWRPROF.dll
0x00007ff927150000 - 0x00007ff927185000 	C:\WINDOWS\SYSTEM32\WINMM.dll
0x00007ff9280f0000 - 0x00007ff9280fb000 	C:\WINDOWS\SYSTEM32\VERSION.dll
0x00007ff930610000 - 0x00007ff930624000 	C:\WINDOWS\SYSTEM32\UMPDC.dll
0x00007ff92f550000 - 0x00007ff92f56b000 	C:\WINDOWS\SYSTEM32\kernel.appcore.dll
0x00007ff925140000 - 0x00007ff92514a000 	C:\Program Files\Eclipse Adoptium\jdk-21.0.7.6-hotspot\bin\jimage.dll
0x00007ff92ded0000 - 0x00007ff92e111000 	C:\WINDOWS\SYSTEM32\DBGHELP.DLL
0x00007ff931c30000 - 0x00007ff931fb5000 	C:\WINDOWS\System32\combase.dll
0x00007ff9333a0000 - 0x00007ff933480000 	C:\WINDOWS\System32\OLEAUT32.dll
0x00007ff920f90000 - 0x00007ff920fd3000 	C:\WINDOWS\SYSTEM32\dbgcore.DLL
0x00007ff9307d0000 - 0x00007ff930869000 	C:\WINDOWS\System32\bcryptPrimitives.dll
0x00007ff925970000 - 0x00007ff92597f000 	C:\Program Files\Eclipse Adoptium\jdk-21.0.7.6-hotspot\bin\instrument.dll
0x00007ff90ce70000 - 0x00007ff90ce8f000 	C:\Program Files\Eclipse Adoptium\jdk-21.0.7.6-hotspot\bin\java.dll
0x00007ff932550000 - 0x00007ff932c9d000 	C:\WINDOWS\System32\SHELL32.dll
0x00007ff930c70000 - 0x00007ff930de3000 	C:\WINDOWS\System32\wintypes.dll
0x00007ff92e380000 - 0x00007ff92ebe0000 	C:\WINDOWS\SYSTEM32\windows.storage.dll
0x00007ff933250000 - 0x00007ff933345000 	C:\WINDOWS\System32\SHCORE.dll
0x00007ff932250000 - 0x00007ff9322ba000 	C:\WINDOWS\System32\shlwapi.dll
0x00007ff9306f0000 - 0x00007ff930719000 	C:\WINDOWS\SYSTEM32\profapi.dll
0x00007ff8da920000 - 0x00007ff8da9f7000 	C:\Program Files\Eclipse Adoptium\jdk-21.0.7.6-hotspot\bin\jsvml.dll
0x00007ff8fac40000 - 0x00007ff8fac58000 	C:\Program Files\Eclipse Adoptium\jdk-21.0.7.6-hotspot\bin\zip.dll
0x00007ff9239e0000 - 0x00007ff9239f0000 	C:\Program Files\Eclipse Adoptium\jdk-21.0.7.6-hotspot\bin\net.dll
0x00007ff928490000 - 0x00007ff9285ae000 	C:\WINDOWS\SYSTEM32\WINHTTP.dll
0x00007ff92fae0000 - 0x00007ff92fb4b000 	C:\WINDOWS\system32\mswsock.dll
0x00007ff902a90000 - 0x00007ff902aa6000 	C:\Program Files\Eclipse Adoptium\jdk-21.0.7.6-hotspot\bin\nio.dll
0x00007ff920a10000 - 0x00007ff920a20000 	C:\Program Files\Eclipse Adoptium\jdk-21.0.7.6-hotspot\bin\verify.dll
0x00007ff8d4970000 - 0x00007ff8d4997000 	C:\Users\dttsi\.gradle\native\1def1411415f61bf3af743bc5b6707747c0891f09f0c88961ee8f79bc544acac\windows-amd64\native-platform.dll
0x00007ff8f6a10000 - 0x00007ff8f6a88000 	C:\Users\dttsi\.gradle\native\0.2.7\x86_64-windows-gnu\gradle-fileevents.dll
0x00007ff928610000 - 0x00007ff92861a000 	C:\Program Files\Eclipse Adoptium\jdk-21.0.7.6-hotspot\bin\management.dll
0x00007ff9265a0000 - 0x00007ff9265ab000 	C:\Program Files\Eclipse Adoptium\jdk-21.0.7.6-hotspot\bin\management_ext.dll
0x00007ff933390000 - 0x00007ff933398000 	C:\WINDOWS\System32\PSAPI.DLL
0x00007ff92ef10000 - 0x00007ff92ef43000 	C:\WINDOWS\SYSTEM32\IPHLPAPI.DLL
0x00007ff932240000 - 0x00007ff93224a000 	C:\WINDOWS\System32\NSI.dll
0x00007ff924860000 - 0x00007ff924869000 	C:\Program Files\Eclipse Adoptium\jdk-21.0.7.6-hotspot\bin\extnet.dll
0x00007ff92fdb0000 - 0x00007ff92fdcb000 	C:\WINDOWS\SYSTEM32\CRYPTSP.dll
0x00007ff92f4b0000 - 0x00007ff92f4eb000 	C:\WINDOWS\system32\rsaenh.dll
0x00007ff92fb80000 - 0x00007ff92fbab000 	C:\WINDOWS\SYSTEM32\USERENV.dll
0x00007ff9306c0000 - 0x00007ff9306e6000 	C:\WINDOWS\SYSTEM32\bcrypt.dll
0x00007ff92fda0000 - 0x00007ff92fdac000 	C:\WINDOWS\SYSTEM32\CRYPTBASE.dll
0x00007ff925960000 - 0x00007ff92596e000 	C:\Program Files\Eclipse Adoptium\jdk-21.0.7.6-hotspot\bin\sunmscapi.dll
0x00007ff930df0000 - 0x00007ff930f67000 	C:\WINDOWS\System32\CRYPT32.dll
0x00007ff92ffc0000 - 0x00007ff92fff0000 	C:\WINDOWS\SYSTEM32\ncrypt.dll
0x00007ff92ff70000 - 0x00007ff92ffaf000 	C:\WINDOWS\SYSTEM32\NTASN1.dll
0x00007ff90eab0000 - 0x00007ff90eab8000 	C:\WINDOWS\system32\wshunix.dll

dbghelp: loaded successfully - version: 4.0.5 - missing functions: none
symbol engine: initialized successfully - sym options: 0x614 - pdb path: .;C:\Program Files\Eclipse Adoptium\jdk-21.0.7.6-hotspot\bin;C:\WINDOWS\SYSTEM32;C:\WINDOWS\WinSxS\amd64_microsoft.windows.common-controls_6595b64144ccf1df_6.0.26100.4768_none_3e0c112ce331287c;C:\Program Files\Eclipse Adoptium\jdk-21.0.7.6-hotspot\bin\server;C:\Users\dttsi\.gradle\native\1def1411415f61bf3af743bc5b6707747c0891f09f0c88961ee8f79bc544acac\windows-amd64;C:\Users\dttsi\.gradle\native\0.2.7\x86_64-windows-gnu

VM Arguments:
jvm_args: --add-opens=java.base/java.lang=ALL-UNNAMED --add-opens=java.base/java.lang.invoke=ALL-UNNAMED --add-opens=java.base/java.util=ALL-UNNAMED --add-opens=java.prefs/java.util.prefs=ALL-UNNAMED --add-exports=jdk.compiler/com.sun.tools.javac.api=ALL-UNNAMED --add-exports=jdk.compiler/com.sun.tools.javac.util=ALL-UNNAMED --add-opens=java.base/java.util=ALL-UNNAMED --add-opens=java.prefs/java.util.prefs=ALL-UNNAMED --add-opens=java.base/java.nio.charset=ALL-UNNAMED --add-opens=java.base/java.net=ALL-UNNAMED --add-opens=java.base/java.util.concurrent.atomic=ALL-UNNAMED --add-opens=java.xml/javax.xml.namespace=ALL-UNNAMED -Xmx2048m -Dfile.encoding=UTF-8 -Duser.country=PH -Duser.language=en -Duser.variant -javaagent:C:\Users\dttsi\.gradle\wrapper\dists\gradle-8.13-bin\5xuhj0ry160q40clulazy9h7d\gradle-8.13\lib\agents\gradle-instrumentation-agent-8.13.jar 
java_command: org.gradle.launcher.daemon.bootstrap.GradleDaemon 8.13
java_class_path (initial): C:\Users\dttsi\.gradle\wrapper\dists\gradle-8.13-bin\5xuhj0ry160q40clulazy9h7d\gradle-8.13\lib\gradle-daemon-main-8.13.jar
Launcher Type: SUN_STANDARD

[Global flags]
     intx CICompilerCount                          = 4                                         {product} {ergonomic}
     uint ConcGCThreads                            = 3                                         {product} {ergonomic}
     uint G1ConcRefinementThreads                  = 10                                        {product} {ergonomic}
   size_t G1HeapRegionSize                         = 1048576                                   {product} {ergonomic}
    uintx GCDrainStackTargetSize                   = 64                                        {product} {ergonomic}
   size_t InitialHeapSize                          = 130023424                                 {product} {ergonomic}
   size_t MarkStackSize                            = 4194304                                   {product} {ergonomic}
   size_t MaxHeapSize                              = 2147483648                                {product} {command line}
   size_t MaxNewSize                               = 1287651328                                {product} {ergonomic}
   size_t MinHeapDeltaBytes                        = 1048576                                   {product} {ergonomic}
   size_t MinHeapSize                              = 8388608                                   {product} {ergonomic}
    uintx NonNMethodCodeHeapSize                   = 5839372                                {pd product} {ergonomic}
    uintx NonProfiledCodeHeapSize                  = 122909434                              {pd product} {ergonomic}
    uintx ProfiledCodeHeapSize                     = 122909434                              {pd product} {ergonomic}
    uintx ReservedCodeCacheSize                    = 251658240                              {pd product} {ergonomic}
     bool SegmentedCodeCache                       = true                                      {product} {ergonomic}
   size_t SoftMaxHeapSize                          = 2147483648                             {manageable} {ergonomic}
     bool UseCompressedOops                        = true                           {product lp64_product} {ergonomic}
     bool UseG1GC                                  = true                                      {product} {ergonomic}
     bool UseLargePagesIndividualAllocation        = false                                  {pd product} {ergonomic}

Logging:
Log output configuration:
 #0: stdout all=warning uptime,level,tags foldmultilines=false
 #1: stderr all=off uptime,level,tags foldmultilines=false

Environment Variables:
JAVA_HOME=C:\Program Files\Eclipse Adoptium\jdk-21.0.7.6-hotspot
CLASSPATH=c:\Users\dttsi\AndroidStudioProjects\MobileFleet\\gradle\wrapper\gradle-wrapper.jar
PATH=C:\Program Files\Common Files\Oracle\Java\javapath;C:\Program Files\Eclipse Adoptium\jdk-17.0.15.6-hotspot\bin;C:\Program Files\Eclipse Adoptium\jdk-21.0.7.6-hotspot\bin;C:\WINDOWS\system32;C:\WINDOWS;C:\WINDOWS\System32\Wbem;C:\WINDOWS\System32\WindowsPowerShell\v1.0\;C:\WINDOWS\System32\OpenSSH\;C:\Program Files\Git\cmd;C:\Program Files\dotnet\;C:\ProgramData\chocolatey\bin;C:\Program Files\nodejs\;C:\Users\dttsi\AppData\Local\Programs\Python\Python38;C:\Users\dttsi\AppData\Local\Programs\Python\Python38\Scripts;C:\Program Files\CMake\bin;C:\Program Files\Void\bin;C:\Program Files\Docker\Docker\resources\bin;C:\Program Files\Eclipse Adoptium\jdk-21.0.7.6-hotspot\bin;C:\Program Files (x86)\Windows Kits\10\Windows Performance Toolkit\;C:\Users\dttsi\AppData\Local\Android\Sdk\platform-tools;C:\Users\dttsi\AppData\Local\Pub\Cache\bin;;c:\Users\dttsi\AppData\Local\Programs\cursor\resources\app\bin;C:\Users\dttsi\AppData\Local\Programs\Python\Python38\Scripts\;C:\Users\dttsi\AppData\Local\Programs\Python\Python38\;C:\Users\dttsi\.local\bin;C:\Users\dttsi\AppData\Local\Programs\Python\Launcher\;C:\Users\dttsi\AppData\Local\Microsoft\WindowsApps;C:\Program Files\OpenSSL-Win64\bin;C:\Users\dttsi\AppData\Roaming\npm;C:\Users\dttsi\AppData\Local\Programs\Windsurf\bin;C:\Program Files\heroku\bin;C:\Users\dttsi\AppData\Local\Programs\Aide\bin;C:\Users\dttsi\AppData\Local\Programs\Microsoft VS Code\bin;C:\Users\dttsi\Downloads\flutter_windows_3.32.6-stable\flutter\bin;C:\Users\gerla\AppData\Local\Android\Sdk\platform-tools;C:\Android\platform-tools;C:\Users\dttsi\AppData\Local\Android\Sdk;C:\Users\dttsi\AppData\Local\Programs\Kiro\bin
USERNAME=drr
OS=Windows_NT
PROCESSOR_IDENTIFIER=Intel64 Family 6 Model 154 Stepping 4, GenuineIntel
TMP=C:\Users\dttsi\AppData\Local\Temp
TEMP=C:\Users\dttsi\AppData\Local\Temp




Periodic native trim disabled

---------------  S Y S T E M  ---------------

OS:
 Windows 11 , 64 bit Build 26100 (10.0.26100.4768)
OS uptime: 4 days 23:03 hours
Hyper-V role detected

CPU: total 12 (initial active 12) (6 cores per cpu, 2 threads per core) family 6 model 154 stepping 4 microcode 0x433, cx8, cmov, fxsr, ht, mmx, 3dnowpref, sse, sse2, sse3, ssse3, sse4.1, sse4.2, popcnt, lzcnt, tsc, tscinvbit, avx, avx2, aes, erms, clmul, bmi1, bmi2, adx, sha, fma, vzeroupper, clflush, clflushopt, clwb, hv, serialize, rdtscp, rdpid, fsrm, f16c, cet_ibt, cet_ss
Processor Information for processor 0
  Max Mhz: 1700, Current Mhz: 1700, Mhz Limit: 1700
Processor Information for processor 1
  Max Mhz: 1700, Current Mhz: 1700, Mhz Limit: 1700
Processor Information for processor 2
  Max Mhz: 1700, Current Mhz: 1700, Mhz Limit: 1700
Processor Information for processor 3
  Max Mhz: 1700, Current Mhz: 1700, Mhz Limit: 1700
Processor Information for processor 4
  Max Mhz: 1200, Current Mhz: 1200, Mhz Limit: 1200
Processor Information for processor 5
  Max Mhz: 1200, Current Mhz: 1200, Mhz Limit: 1200
Processor Information for processor 6
  Max Mhz: 1200, Current Mhz: 1200, Mhz Limit: 1200
Processor Information for processor 7
  Max Mhz: 1200, Current Mhz: 1200, Mhz Limit: 1200
Processor Information for processor 8
  Max Mhz: 1200, Current Mhz: 1200, Mhz Limit: 1200
Processor Information for processor 9
  Max Mhz: 1200, Current Mhz: 1200, Mhz Limit: 1200
Processor Information for processor 10
  Max Mhz: 1200, Current Mhz: 1200, Mhz Limit: 1200
Processor Information for processor 11
  Max Mhz: 1200, Current Mhz: 1200, Mhz Limit: 1200

Memory: 4k page, system-wide physical 7916M (1020M free)
TotalPageFile size 32492M (AvailPageFile size 9M)
current process WorkingSet (physical memory assigned to process): 381M, peak: 385M
current process commit charge ("private bytes"): 433M, peak: 433M

vm_info: OpenJDK 64-Bit Server VM (21.0.7+6-LTS) for windows-amd64 JRE (21.0.7+6-LTS), built on 2025-04-15T00:00:00Z by "admin" with MS VC++ 17.7 (VS2022)

END.
