#
# There is insufficient memory for the Java Runtime Environment to continue.
# Native memory allocation (malloc) failed to allocate 1408016 bytes. Error detail: Chunk::new
# Possible reasons:
#   The system is out of physical RAM or swap space
#   This process is running with CompressedOops enabled, and the Java Heap may be blocking the growth of the native heap
# Possible solutions:
#   Reduce memory load on the system
#   Increase physical memory or swap space
#   Check if swap backing store is full
#   Decrease Java heap size (-Xmx/-Xms)
#   Decrease number of Java threads
#   Decrease Java thread stack sizes (-Xss)
#   Set larger code cache with -XX:ReservedCodeCacheSize=
#   JVM is running with Unscaled Compressed Oops mode in which the Java heap is
#     placed in the first 4GB address space. The Java Heap base address is the
#     maximum limit for the native heap growth. Please use -XX:HeapBaseMinAddress
#     to set the Java Heap base and to place the Java Heap above 4GB virtual address.
# This output file may be truncated or incomplete.
#
#  Out of Memory Error (arena.cpp:168), pid=24660, tid=36696
#
# JRE version: OpenJDK Runtime Environment Temurin-21.0.7+6 (21.0.7+6) (build 21.0.7+6-LTS)
# Java VM: OpenJDK 64-Bit Server VM Temurin-21.0.7+6 (21.0.7+6-LTS, mixed mode, sharing, tiered, compressed oops, compressed class ptrs, g1 gc, windows-amd64)
# No core dump will be written. Minidumps are not enabled by default on client versions of Windows
#

---------------  S U M M A R Y ------------

Command Line: --add-opens=java.base/java.lang=ALL-UNNAMED --add-opens=java.base/java.lang.invoke=ALL-UNNAMED --add-opens=java.base/java.util=ALL-UNNAMED --add-opens=java.prefs/java.util.prefs=ALL-UNNAMED --add-exports=jdk.compiler/com.sun.tools.javac.api=ALL-UNNAMED --add-exports=jdk.compiler/com.sun.tools.javac.util=ALL-UNNAMED --add-opens=java.base/java.util=ALL-UNNAMED --add-opens=java.prefs/java.util.prefs=ALL-UNNAMED --add-opens=java.base/java.nio.charset=ALL-UNNAMED --add-opens=java.base/java.net=ALL-UNNAMED --add-opens=java.base/java.util.concurrent.atomic=ALL-UNNAMED --add-opens=java.xml/javax.xml.namespace=ALL-UNNAMED -Xmx2048m -Dfile.encoding=UTF-8 -Duser.country=PH -Duser.language=en -Duser.variant -javaagent:C:\Users\dttsi\.gradle\wrapper\dists\gradle-8.13-bin\5xuhj0ry160q40clulazy9h7d\gradle-8.13\lib\agents\gradle-instrumentation-agent-8.13.jar org.gradle.launcher.daemon.bootstrap.GradleDaemon 8.13

Host: 12th Gen Intel(R) Core(TM) i7-1255U, 12 cores, 7G,  Windows 11 , 64 bit Build 26100 (10.0.26100.4768)
Time: Wed Aug 20 06:17:51 2025 Malay Peninsula Standard Time elapsed time: 7.428853 seconds (0d 0h 0m 7s)

---------------  T H R E A D  ---------------

Current thread (0x00000152fed3be20):  JavaThread "C2 CompilerThread1" daemon [_thread_in_native, id=36696, stack(0x00000046d8a00000,0x00000046d8b00000) (1024K)]


Current CompileTask:
C2:7428 2746       4       java.lang.invoke.MethodType::makeImpl (109 bytes)

Stack: [0x00000046d8a00000,0x00000046d8b00000]
Native frames: (J=compiled Java code, j=interpreted, Vv=VM code, C=native code)
V  [jvm.dll+0x6ce119]
V  [jvm.dll+0x8a84a1]
V  [jvm.dll+0x8aa9ce]
V  [jvm.dll+0x8ab0b3]
V  [jvm.dll+0x27f8a6]
V  [jvm.dll+0xc507d]
V  [jvm.dll+0xc55b3]
V  [jvm.dll+0x3b692c]
V  [jvm.dll+0x1e0029]
V  [jvm.dll+0x247c42]
V  [jvm.dll+0x2470cf]
V  [jvm.dll+0x1c760e]
V  [jvm.dll+0x25695a]
V  [jvm.dll+0x254efa]
V  [jvm.dll+0x3f03f6]
V  [jvm.dll+0x851f6b]
V  [jvm.dll+0x6cc7dd]
C  [ucrtbase.dll+0x37b0]
C  [KERNEL32.DLL+0x2e8d7]
C  [ntdll.dll+0x3c34c]


---------------  P R O C E S S  ---------------

Threads class SMR info:
_java_thread_list=0x00000152ff07d9e0, length=25, elements={
0x00000152f0ae1ed0, 0x00000152febc1c60, 0x00000152febc28b0, 0x00000152febc75c0,
0x00000152febca380, 0x00000152febcbb80, 0x00000152febd2280, 0x00000152febe37b0,
0x00000152febe49e0, 0x00000152fec9fbb0, 0x00000152fedbf380, 0x00000152d48d95e0,
0x00000152d4c1e3e0, 0x00000152d51205b0, 0x00000152d4fc7d70, 0x00000152d4fc83d0,
0x00000152d5210110, 0x00000152d51d4010, 0x00000152d51e0990, 0x00000152d51dfc70,
0x00000152d51e1020, 0x00000152d51e0300, 0x00000152d51df5e0, 0x00000152d51de230,
0x00000152fed3be20
}

Java Threads: ( => current thread )
  0x00000152f0ae1ed0 JavaThread "main"                              [_thread_blocked, id=26980, stack(0x00000046d6700000,0x00000046d6800000) (1024K)]
  0x00000152febc1c60 JavaThread "Reference Handler"          daemon [_thread_blocked, id=5008, stack(0x00000046d6f00000,0x00000046d7000000) (1024K)]
  0x00000152febc28b0 JavaThread "Finalizer"                  daemon [_thread_blocked, id=5108, stack(0x00000046d7000000,0x00000046d7100000) (1024K)]
  0x00000152febc75c0 JavaThread "Signal Dispatcher"          daemon [_thread_blocked, id=26896, stack(0x00000046d7100000,0x00000046d7200000) (1024K)]
  0x00000152febca380 JavaThread "Attach Listener"            daemon [_thread_blocked, id=18672, stack(0x00000046d7200000,0x00000046d7300000) (1024K)]
  0x00000152febcbb80 JavaThread "Service Thread"             daemon [_thread_blocked, id=31144, stack(0x00000046d7300000,0x00000046d7400000) (1024K)]
  0x00000152febd2280 JavaThread "Monitor Deflation Thread"   daemon [_thread_blocked, id=26228, stack(0x00000046d7400000,0x00000046d7500000) (1024K)]
  0x00000152febe37b0 JavaThread "C2 CompilerThread0"         daemon [_thread_blocked, id=11212, stack(0x00000046d7500000,0x00000046d7600000) (1024K)]
  0x00000152febe49e0 JavaThread "C1 CompilerThread0"         daemon [_thread_blocked, id=25268, stack(0x00000046d7600000,0x00000046d7700000) (1024K)]
  0x00000152fec9fbb0 JavaThread "Common-Cleaner"             daemon [_thread_blocked, id=28036, stack(0x00000046d7700000,0x00000046d7800000) (1024K)]
  0x00000152fedbf380 JavaThread "Notification Thread"        daemon [_thread_blocked, id=31276, stack(0x00000046d7900000,0x00000046d7a00000) (1024K)]
  0x00000152d48d95e0 JavaThread "Daemon health stats"               [_thread_blocked, id=33276, stack(0x00000046d7f00000,0x00000046d8000000) (1024K)]
  0x00000152d4c1e3e0 JavaThread "Incoming local TCP Connector on port 49222"        [_thread_in_native, id=26204, stack(0x00000046d8000000,0x00000046d8100000) (1024K)]
  0x00000152d51205b0 JavaThread "Daemon periodic checks"            [_thread_blocked, id=29816, stack(0x00000046d8100000,0x00000046d8200000) (1024K)]
  0x00000152d4fc7d70 JavaThread "Daemon"                            [_thread_blocked, id=30724, stack(0x00000046d8200000,0x00000046d8300000) (1024K)]
  0x00000152d4fc83d0 JavaThread "Handler for socket connection from /127.0.0.1:49222 to /127.0.0.1:49223"        [_thread_in_native, id=35772, stack(0x00000046d8300000,0x00000046d8400000) (1024K)]
  0x00000152d5210110 JavaThread "Cancel handler"                    [_thread_blocked, id=29280, stack(0x00000046d8400000,0x00000046d8500000) (1024K)]
  0x00000152d51d4010 JavaThread "Daemon worker"                     [_thread_in_native, id=12368, stack(0x00000046d8500000,0x00000046d8600000) (1024K)]
  0x00000152d51e0990 JavaThread "Asynchronous log dispatcher for DefaultDaemonConnection: socket connection from /127.0.0.1:49222 to /127.0.0.1:49223"        [_thread_blocked, id=18000, stack(0x00000046d8600000,0x00000046d8700000) (1024K)]
  0x00000152d51dfc70 JavaThread "Stdin handler"                     [_thread_blocked, id=24236, stack(0x00000046d8700000,0x00000046d8800000) (1024K)]
  0x00000152d51e1020 JavaThread "Daemon client event forwarder"        [_thread_blocked, id=34776, stack(0x00000046d8800000,0x00000046d8900000) (1024K)]
  0x00000152d51e0300 JavaThread "Cache worker for journal cache (C:\Users\dttsi\.gradle\caches\journal-1)"        [_thread_blocked, id=8964, stack(0x00000046d7800000,0x00000046d7900000) (1024K)]
  0x00000152d51df5e0 JavaThread "File lock request listener"        [_thread_in_native, id=19780, stack(0x00000046d7e00000,0x00000046d7f00000) (1024K)]
  0x00000152d51de230 JavaThread "Cache worker for file hash cache (C:\Users\dttsi\.gradle\caches\8.13\fileHashes)"        [_thread_blocked, id=8008, stack(0x00000046d8900000,0x00000046d8a00000) (1024K)]
=>0x00000152fed3be20 JavaThread "C2 CompilerThread1"         daemon [_thread_in_native, id=36696, stack(0x00000046d8a00000,0x00000046d8b00000) (1024K)]
Total: 25

Other Threads:
  0x00000152feba3c90 VMThread "VM Thread"                           [id=18564, stack(0x00000046d6e00000,0x00000046d6f00000) (1024K)]
  0x00000152feb91a60 WatcherThread "VM Periodic Task Thread"        [id=25296, stack(0x00000046d6d00000,0x00000046d6e00000) (1024K)]
  0x00000152f0b388e0 WorkerThread "GC Thread#0"                     [id=35392, stack(0x00000046d6800000,0x00000046d6900000) (1024K)]
  0x00000152fef2f930 WorkerThread "GC Thread#1"                     [id=11576, stack(0x00000046d7b00000,0x00000046d7c00000) (1024K)]
  0x00000152ff194890 WorkerThread "GC Thread#2"                     [id=23664, stack(0x00000046d7c00000,0x00000046d7d00000) (1024K)]
  0x00000152ff187300 WorkerThread "GC Thread#3"                     [id=19924, stack(0x00000046d7d00000,0x00000046d7e00000) (1024K)]
  0x00000152ff20e8f0 WorkerThread "GC Thread#4"                     [id=23732, stack(0x00000046d7a00000,0x00000046d7b00000) (1024K)]
  0x00000152f0b4b750 ConcurrentGCThread "G1 Main Marker"            [id=20296, stack(0x00000046d6900000,0x00000046d6a00000) (1024K)]
  0x00000152f0b4c9f0 WorkerThread "G1 Conc#0"                       [id=21664, stack(0x00000046d6a00000,0x00000046d6b00000) (1024K)]
  0x00000152fea61b20 ConcurrentGCThread "G1 Refine#0"               [id=2792, stack(0x00000046d6b00000,0x00000046d6c00000) (1024K)]
  0x00000152fea624a0 ConcurrentGCThread "G1 Service"                [id=36112, stack(0x00000046d6c00000,0x00000046d6d00000) (1024K)]
Total: 11

Threads with active compile tasks:
C2 CompilerThread1  8796 2746       4       java.lang.invoke.MethodType::makeImpl (109 bytes)
Total: 1

VM state: not at safepoint (normal execution)

VM Mutex/Monitor currently owned by a thread: None

Heap address: 0x0000000080000000, size: 2048 MB, Compressed Oops mode: 32-bit

CDS archive(s) mapped at: [0x000001528f000000-0x000001528fc80000-0x000001528fc80000), size 13107200, SharedBaseAddress: 0x000001528f000000, ArchiveRelocationMode: 1.
Compressed class space mapped at: 0x0000015290000000-0x00000152d0000000, reserved size: 1073741824
Narrow klass base: 0x000001528f000000, Narrow klass shift: 0, Narrow klass range: 0x100000000

GC Precious Log:
 CardTable entry size: 512
 Card Set container configuration: InlinePtr #cards 5 size 8 Array Of Cards #cards 12 size 40 Howl #buckets 4 coarsen threshold 1843 Howl Bitmap #cards 512 size 80 coarsen threshold 460 Card regions per heap region 1 cards per card region 2048
 CPUs: 12 total, 12 available
 Memory: 7916M
 Large Page Support: Disabled
 NUMA Support: Disabled
 Compressed Oops: Enabled (32-bit)
 Heap Region Size: 1M
 Heap Min Capacity: 8M
 Heap Initial Capacity: 124M
 Heap Max Capacity: 2G
 Pre-touch: Disabled
 Parallel Workers: 10
 Concurrent Workers: 3
 Concurrent Refinement Workers: 10
 Periodic GC: Disabled

Heap:
 garbage-first heap   total 126976K, used 83247K [0x0000000080000000, 0x0000000100000000)
  region size 1024K, 71 young (72704K), 4 survivors (4096K)
 Metaspace       used 16991K, committed 17536K, reserved 1114112K
  class space    used 2320K, committed 2560K, reserved 1048576K

Heap Regions: E=young(eden), S=young(survivor), O=old, HS=humongous(starts), HC=humongous(continues), CS=collection set, F=free, TAMS=top-at-mark-start, PB=parsable bottom
|   0|0x0000000080000000, 0x0000000080100000, 0x0000000080100000|100%|HS|  |TAMS 0x0000000080000000| PB 0x0000000080000000| Complete 
|   1|0x0000000080100000, 0x0000000080200000, 0x0000000080200000|100%|HC|  |TAMS 0x0000000080100000| PB 0x0000000080100000| Complete 
|   2|0x0000000080200000, 0x0000000080300000, 0x0000000080300000|100%|HC|  |TAMS 0x0000000080200000| PB 0x0000000080200000| Complete 
|   3|0x0000000080300000, 0x0000000080400000, 0x0000000080400000|100%| O|  |TAMS 0x0000000080300000| PB 0x0000000080300000| Untracked 
|   4|0x0000000080400000, 0x0000000080500000, 0x0000000080500000|100%| O|  |TAMS 0x0000000080400000| PB 0x0000000080400000| Untracked 
|   5|0x0000000080500000, 0x0000000080600000, 0x0000000080600000|100%| O|  |TAMS 0x0000000080500000| PB 0x0000000080500000| Untracked 
|   6|0x0000000080600000, 0x0000000080700000, 0x0000000080700000|100%|HS|  |TAMS 0x0000000080600000| PB 0x0000000080600000| Complete 
|   7|0x0000000080700000, 0x0000000080700000, 0x0000000080800000|  0%| F|  |TAMS 0x0000000080700000| PB 0x0000000080700000| Untracked 
|   8|0x0000000080800000, 0x0000000080900000, 0x0000000080900000|100%| O|  |TAMS 0x0000000080800000| PB 0x0000000080800000| Untracked 
|   9|0x0000000080900000, 0x0000000080a00000, 0x0000000080a00000|100%| O|  |TAMS 0x0000000080900000| PB 0x0000000080900000| Untracked 
|  10|0x0000000080a00000, 0x0000000080b00000, 0x0000000080b00000|100%| O|  |TAMS 0x0000000080a00000| PB 0x0000000080a00000| Untracked 
|  11|0x0000000080b00000, 0x0000000080c00000, 0x0000000080c00000|100%| O|  |TAMS 0x0000000080b00000| PB 0x0000000080b00000| Untracked 
|  12|0x0000000080c00000, 0x0000000080c61bf0, 0x0000000080d00000| 38%| O|  |TAMS 0x0000000080c00000| PB 0x0000000080c00000| Untracked 
|  13|0x0000000080d00000, 0x0000000080d00000, 0x0000000080e00000|  0%| F|  |TAMS 0x0000000080d00000| PB 0x0000000080d00000| Untracked 
|  14|0x0000000080e00000, 0x0000000080e00000, 0x0000000080f00000|  0%| F|  |TAMS 0x0000000080e00000| PB 0x0000000080e00000| Untracked 
|  15|0x0000000080f00000, 0x0000000080f00000, 0x0000000081000000|  0%| F|  |TAMS 0x0000000080f00000| PB 0x0000000080f00000| Untracked 
|  16|0x0000000081000000, 0x0000000081000000, 0x0000000081100000|  0%| F|  |TAMS 0x0000000081000000| PB 0x0000000081000000| Untracked 
|  17|0x0000000081100000, 0x0000000081100000, 0x0000000081200000|  0%| F|  |TAMS 0x0000000081100000| PB 0x0000000081100000| Untracked 
|  18|0x0000000081200000, 0x0000000081200000, 0x0000000081300000|  0%| F|  |TAMS 0x0000000081200000| PB 0x0000000081200000| Untracked 
|  19|0x0000000081300000, 0x0000000081300000, 0x0000000081400000|  0%| F|  |TAMS 0x0000000081300000| PB 0x0000000081300000| Untracked 
|  20|0x0000000081400000, 0x0000000081400000, 0x0000000081500000|  0%| F|  |TAMS 0x0000000081400000| PB 0x0000000081400000| Untracked 
|  21|0x0000000081500000, 0x0000000081500000, 0x0000000081600000|  0%| F|  |TAMS 0x0000000081500000| PB 0x0000000081500000| Untracked 
|  22|0x0000000081600000, 0x0000000081600000, 0x0000000081700000|  0%| F|  |TAMS 0x0000000081600000| PB 0x0000000081600000| Untracked 
|  23|0x0000000081700000, 0x0000000081700000, 0x0000000081800000|  0%| F|  |TAMS 0x0000000081700000| PB 0x0000000081700000| Untracked 
|  24|0x0000000081800000, 0x0000000081800000, 0x0000000081900000|  0%| F|  |TAMS 0x0000000081800000| PB 0x0000000081800000| Untracked 
|  25|0x0000000081900000, 0x0000000081900000, 0x0000000081a00000|  0%| F|  |TAMS 0x0000000081900000| PB 0x0000000081900000| Untracked 
|  26|0x0000000081a00000, 0x0000000081a00000, 0x0000000081b00000|  0%| F|  |TAMS 0x0000000081a00000| PB 0x0000000081a00000| Untracked 
|  27|0x0000000081b00000, 0x0000000081b00000, 0x0000000081c00000|  0%| F|  |TAMS 0x0000000081b00000| PB 0x0000000081b00000| Untracked 
|  28|0x0000000081c00000, 0x0000000081c00000, 0x0000000081d00000|  0%| F|  |TAMS 0x0000000081c00000| PB 0x0000000081c00000| Untracked 
|  29|0x0000000081d00000, 0x0000000081d00000, 0x0000000081e00000|  0%| F|  |TAMS 0x0000000081d00000| PB 0x0000000081d00000| Untracked 
|  30|0x0000000081e00000, 0x0000000081e00000, 0x0000000081f00000|  0%| F|  |TAMS 0x0000000081e00000| PB 0x0000000081e00000| Untracked 
|  31|0x0000000081f00000, 0x0000000081f00000, 0x0000000082000000|  0%| F|  |TAMS 0x0000000081f00000| PB 0x0000000081f00000| Untracked 
|  32|0x0000000082000000, 0x0000000082000000, 0x0000000082100000|  0%| F|  |TAMS 0x0000000082000000| PB 0x0000000082000000| Untracked 
|  33|0x0000000082100000, 0x0000000082100000, 0x0000000082200000|  0%| F|  |TAMS 0x0000000082100000| PB 0x0000000082100000| Untracked 
|  34|0x0000000082200000, 0x0000000082200000, 0x0000000082300000|  0%| F|  |TAMS 0x0000000082200000| PB 0x0000000082200000| Untracked 
|  35|0x0000000082300000, 0x0000000082300000, 0x0000000082400000|  0%| F|  |TAMS 0x0000000082300000| PB 0x0000000082300000| Untracked 
|  36|0x0000000082400000, 0x0000000082400000, 0x0000000082500000|  0%| F|  |TAMS 0x0000000082400000| PB 0x0000000082400000| Untracked 
|  37|0x0000000082500000, 0x0000000082500000, 0x0000000082600000|  0%| F|  |TAMS 0x0000000082500000| PB 0x0000000082500000| Untracked 
|  38|0x0000000082600000, 0x0000000082600000, 0x0000000082700000|  0%| F|  |TAMS 0x0000000082600000| PB 0x0000000082600000| Untracked 
|  39|0x0000000082700000, 0x0000000082700000, 0x0000000082800000|  0%| F|  |TAMS 0x0000000082700000| PB 0x0000000082700000| Untracked 
|  40|0x0000000082800000, 0x0000000082800000, 0x0000000082900000|  0%| F|  |TAMS 0x0000000082800000| PB 0x0000000082800000| Untracked 
|  41|0x0000000082900000, 0x0000000082900000, 0x0000000082a00000|  0%| F|  |TAMS 0x0000000082900000| PB 0x0000000082900000| Untracked 
|  42|0x0000000082a00000, 0x0000000082a00000, 0x0000000082b00000|  0%| F|  |TAMS 0x0000000082a00000| PB 0x0000000082a00000| Untracked 
|  43|0x0000000082b00000, 0x0000000082b00000, 0x0000000082c00000|  0%| F|  |TAMS 0x0000000082b00000| PB 0x0000000082b00000| Untracked 
|  44|0x0000000082c00000, 0x0000000082c00000, 0x0000000082d00000|  0%| F|  |TAMS 0x0000000082c00000| PB 0x0000000082c00000| Untracked 
|  45|0x0000000082d00000, 0x0000000082d00000, 0x0000000082e00000|  0%| F|  |TAMS 0x0000000082d00000| PB 0x0000000082d00000| Untracked 
|  46|0x0000000082e00000, 0x0000000082e00000, 0x0000000082f00000|  0%| F|  |TAMS 0x0000000082e00000| PB 0x0000000082e00000| Untracked 
|  47|0x0000000082f00000, 0x0000000082f00000, 0x0000000083000000|  0%| F|  |TAMS 0x0000000082f00000| PB 0x0000000082f00000| Untracked 
|  48|0x0000000083000000, 0x0000000083000000, 0x0000000083100000|  0%| F|  |TAMS 0x0000000083000000| PB 0x0000000083000000| Untracked 
|  49|0x0000000083100000, 0x0000000083100000, 0x0000000083200000|  0%| F|  |TAMS 0x0000000083100000| PB 0x0000000083100000| Untracked 
|  50|0x0000000083200000, 0x0000000083200000, 0x0000000083300000|  0%| F|  |TAMS 0x0000000083200000| PB 0x0000000083200000| Untracked 
|  51|0x0000000083300000, 0x0000000083300000, 0x0000000083400000|  0%| F|  |TAMS 0x0000000083300000| PB 0x0000000083300000| Untracked 
|  52|0x0000000083400000, 0x0000000083400000, 0x0000000083500000|  0%| F|  |TAMS 0x0000000083400000| PB 0x0000000083400000| Untracked 
|  53|0x0000000083500000, 0x00000000835777e0, 0x0000000083600000| 46%| E|  |TAMS 0x0000000083500000| PB 0x0000000083500000| Complete 
|  54|0x0000000083600000, 0x0000000083700000, 0x0000000083700000|100%| E|CS|TAMS 0x0000000083600000| PB 0x0000000083600000| Complete 
|  55|0x0000000083700000, 0x0000000083800000, 0x0000000083800000|100%| E|CS|TAMS 0x0000000083700000| PB 0x0000000083700000| Complete 
|  56|0x0000000083800000, 0x0000000083900000, 0x0000000083900000|100%| E|CS|TAMS 0x0000000083800000| PB 0x0000000083800000| Complete 
|  57|0x0000000083900000, 0x0000000083a00000, 0x0000000083a00000|100%| E|CS|TAMS 0x0000000083900000| PB 0x0000000083900000| Complete 
|  58|0x0000000083a00000, 0x0000000083b00000, 0x0000000083b00000|100%| E|CS|TAMS 0x0000000083a00000| PB 0x0000000083a00000| Complete 
|  59|0x0000000083b00000, 0x0000000083c00000, 0x0000000083c00000|100%| E|CS|TAMS 0x0000000083b00000| PB 0x0000000083b00000| Complete 
|  60|0x0000000083c00000, 0x0000000083d00000, 0x0000000083d00000|100%| E|CS|TAMS 0x0000000083c00000| PB 0x0000000083c00000| Complete 
|  61|0x0000000083d00000, 0x0000000083e00000, 0x0000000083e00000|100%| E|CS|TAMS 0x0000000083d00000| PB 0x0000000083d00000| Complete 
|  62|0x0000000083e00000, 0x0000000083f00000, 0x0000000083f00000|100%| E|CS|TAMS 0x0000000083e00000| PB 0x0000000083e00000| Complete 
|  63|0x0000000083f00000, 0x0000000084000000, 0x0000000084000000|100%| E|CS|TAMS 0x0000000083f00000| PB 0x0000000083f00000| Complete 
|  64|0x0000000084000000, 0x0000000084100000, 0x0000000084100000|100%| E|CS|TAMS 0x0000000084000000| PB 0x0000000084000000| Complete 
|  65|0x0000000084100000, 0x0000000084200000, 0x0000000084200000|100%| E|CS|TAMS 0x0000000084100000| PB 0x0000000084100000| Complete 
|  66|0x0000000084200000, 0x0000000084300000, 0x0000000084300000|100%| E|CS|TAMS 0x0000000084200000| PB 0x0000000084200000| Complete 
|  67|0x0000000084300000, 0x0000000084400000, 0x0000000084400000|100%| E|CS|TAMS 0x0000000084300000| PB 0x0000000084300000| Complete 
|  68|0x0000000084400000, 0x0000000084500000, 0x0000000084500000|100%| E|CS|TAMS 0x0000000084400000| PB 0x0000000084400000| Complete 
|  69|0x0000000084500000, 0x0000000084600000, 0x0000000084600000|100%| E|CS|TAMS 0x0000000084500000| PB 0x0000000084500000| Complete 
|  70|0x0000000084600000, 0x0000000084700000, 0x0000000084700000|100%| E|CS|TAMS 0x0000000084600000| PB 0x0000000084600000| Complete 
|  71|0x0000000084700000, 0x0000000084800000, 0x0000000084800000|100%| E|CS|TAMS 0x0000000084700000| PB 0x0000000084700000| Complete 
|  72|0x0000000084800000, 0x0000000084900000, 0x0000000084900000|100%| E|CS|TAMS 0x0000000084800000| PB 0x0000000084800000| Complete 
|  73|0x0000000084900000, 0x0000000084a00000, 0x0000000084a00000|100%| E|CS|TAMS 0x0000000084900000| PB 0x0000000084900000| Complete 
|  74|0x0000000084a00000, 0x0000000084b00000, 0x0000000084b00000|100%| E|CS|TAMS 0x0000000084a00000| PB 0x0000000084a00000| Complete 
|  75|0x0000000084b00000, 0x0000000084bea3a0, 0x0000000084c00000| 91%| S|CS|TAMS 0x0000000084b00000| PB 0x0000000084b00000| Complete 
|  76|0x0000000084c00000, 0x0000000084d00000, 0x0000000084d00000|100%| S|CS|TAMS 0x0000000084c00000| PB 0x0000000084c00000| Complete 
|  77|0x0000000084d00000, 0x0000000084e00000, 0x0000000084e00000|100%| S|CS|TAMS 0x0000000084d00000| PB 0x0000000084d00000| Complete 
|  78|0x0000000084e00000, 0x0000000084f00000, 0x0000000084f00000|100%| S|CS|TAMS 0x0000000084e00000| PB 0x0000000084e00000| Complete 
|  79|0x0000000084f00000, 0x0000000085000000, 0x0000000085000000|100%| E|CS|TAMS 0x0000000084f00000| PB 0x0000000084f00000| Complete 
|  80|0x0000000085000000, 0x0000000085100000, 0x0000000085100000|100%| E|CS|TAMS 0x0000000085000000| PB 0x0000000085000000| Complete 
|  81|0x0000000085100000, 0x0000000085200000, 0x0000000085200000|100%| E|CS|TAMS 0x0000000085100000| PB 0x0000000085100000| Complete 
|  82|0x0000000085200000, 0x0000000085300000, 0x0000000085300000|100%| E|CS|TAMS 0x0000000085200000| PB 0x0000000085200000| Complete 
|  83|0x0000000085300000, 0x0000000085400000, 0x0000000085400000|100%| E|CS|TAMS 0x0000000085300000| PB 0x0000000085300000| Complete 
|  84|0x0000000085400000, 0x0000000085500000, 0x0000000085500000|100%| E|CS|TAMS 0x0000000085400000| PB 0x0000000085400000| Complete 
|  85|0x0000000085500000, 0x0000000085600000, 0x0000000085600000|100%| E|CS|TAMS 0x0000000085500000| PB 0x0000000085500000| Complete 
|  86|0x0000000085600000, 0x0000000085700000, 0x0000000085700000|100%| E|CS|TAMS 0x0000000085600000| PB 0x0000000085600000| Complete 
|  87|0x0000000085700000, 0x0000000085800000, 0x0000000085800000|100%| E|CS|TAMS 0x0000000085700000| PB 0x0000000085700000| Complete 
|  88|0x0000000085800000, 0x0000000085900000, 0x0000000085900000|100%| E|CS|TAMS 0x0000000085800000| PB 0x0000000085800000| Complete 
|  89|0x0000000085900000, 0x0000000085a00000, 0x0000000085a00000|100%| E|CS|TAMS 0x0000000085900000| PB 0x0000000085900000| Complete 
|  90|0x0000000085a00000, 0x0000000085b00000, 0x0000000085b00000|100%| E|CS|TAMS 0x0000000085a00000| PB 0x0000000085a00000| Complete 
|  91|0x0000000085b00000, 0x0000000085c00000, 0x0000000085c00000|100%| E|CS|TAMS 0x0000000085b00000| PB 0x0000000085b00000| Complete 
|  92|0x0000000085c00000, 0x0000000085d00000, 0x0000000085d00000|100%| E|CS|TAMS 0x0000000085c00000| PB 0x0000000085c00000| Complete 
|  93|0x0000000085d00000, 0x0000000085e00000, 0x0000000085e00000|100%| E|CS|TAMS 0x0000000085d00000| PB 0x0000000085d00000| Complete 
|  94|0x0000000085e00000, 0x0000000085f00000, 0x0000000085f00000|100%| E|CS|TAMS 0x0000000085e00000| PB 0x0000000085e00000| Complete 
|  95|0x0000000085f00000, 0x0000000086000000, 0x0000000086000000|100%| E|CS|TAMS 0x0000000085f00000| PB 0x0000000085f00000| Complete 
|  96|0x0000000086000000, 0x0000000086100000, 0x0000000086100000|100%| E|CS|TAMS 0x0000000086000000| PB 0x0000000086000000| Complete 
|  97|0x0000000086100000, 0x0000000086200000, 0x0000000086200000|100%| E|CS|TAMS 0x0000000086100000| PB 0x0000000086100000| Complete 
|  98|0x0000000086200000, 0x0000000086300000, 0x0000000086300000|100%| E|CS|TAMS 0x0000000086200000| PB 0x0000000086200000| Complete 
|  99|0x0000000086300000, 0x0000000086400000, 0x0000000086400000|100%| E|CS|TAMS 0x0000000086300000| PB 0x0000000086300000| Complete 
| 100|0x0000000086400000, 0x0000000086500000, 0x0000000086500000|100%| E|CS|TAMS 0x0000000086400000| PB 0x0000000086400000| Complete 
| 101|0x0000000086500000, 0x0000000086600000, 0x0000000086600000|100%| E|CS|TAMS 0x0000000086500000| PB 0x0000000086500000| Complete 
| 102|0x0000000086600000, 0x0000000086700000, 0x0000000086700000|100%| E|CS|TAMS 0x0000000086600000| PB 0x0000000086600000| Complete 
| 103|0x0000000086700000, 0x0000000086800000, 0x0000000086800000|100%| E|CS|TAMS 0x0000000086700000| PB 0x0000000086700000| Complete 
| 104|0x0000000086800000, 0x0000000086900000, 0x0000000086900000|100%| E|CS|TAMS 0x0000000086800000| PB 0x0000000086800000| Complete 
| 105|0x0000000086900000, 0x0000000086a00000, 0x0000000086a00000|100%| E|CS|TAMS 0x0000000086900000| PB 0x0000000086900000| Complete 
| 106|0x0000000086a00000, 0x0000000086b00000, 0x0000000086b00000|100%| E|CS|TAMS 0x0000000086a00000| PB 0x0000000086a00000| Complete 
| 107|0x0000000086b00000, 0x0000000086c00000, 0x0000000086c00000|100%| E|CS|TAMS 0x0000000086b00000| PB 0x0000000086b00000| Complete 
| 108|0x0000000086c00000, 0x0000000086d00000, 0x0000000086d00000|100%| E|CS|TAMS 0x0000000086c00000| PB 0x0000000086c00000| Complete 
| 109|0x0000000086d00000, 0x0000000086e00000, 0x0000000086e00000|100%| E|CS|TAMS 0x0000000086d00000| PB 0x0000000086d00000| Complete 
| 110|0x0000000086e00000, 0x0000000086f00000, 0x0000000086f00000|100%| E|CS|TAMS 0x0000000086e00000| PB 0x0000000086e00000| Complete 
| 111|0x0000000086f00000, 0x0000000087000000, 0x0000000087000000|100%| E|CS|TAMS 0x0000000086f00000| PB 0x0000000086f00000| Complete 
| 112|0x0000000087000000, 0x0000000087100000, 0x0000000087100000|100%| E|CS|TAMS 0x0000000087000000| PB 0x0000000087000000| Complete 
| 113|0x0000000087100000, 0x0000000087200000, 0x0000000087200000|100%| E|CS|TAMS 0x0000000087100000| PB 0x0000000087100000| Complete 
| 114|0x0000000087200000, 0x0000000087300000, 0x0000000087300000|100%| E|CS|TAMS 0x0000000087200000| PB 0x0000000087200000| Complete 
| 115|0x0000000087300000, 0x0000000087400000, 0x0000000087400000|100%| E|CS|TAMS 0x0000000087300000| PB 0x0000000087300000| Complete 
| 116|0x0000000087400000, 0x0000000087500000, 0x0000000087500000|100%| E|CS|TAMS 0x0000000087400000| PB 0x0000000087400000| Complete 
| 117|0x0000000087500000, 0x0000000087600000, 0x0000000087600000|100%| E|CS|TAMS 0x0000000087500000| PB 0x0000000087500000| Complete 
| 118|0x0000000087600000, 0x0000000087700000, 0x0000000087700000|100%| E|CS|TAMS 0x0000000087600000| PB 0x0000000087600000| Complete 
| 119|0x0000000087700000, 0x0000000087800000, 0x0000000087800000|100%| E|CS|TAMS 0x0000000087700000| PB 0x0000000087700000| Complete 
| 120|0x0000000087800000, 0x0000000087900000, 0x0000000087900000|100%| E|CS|TAMS 0x0000000087800000| PB 0x0000000087800000| Complete 
| 121|0x0000000087900000, 0x0000000087a00000, 0x0000000087a00000|100%| E|CS|TAMS 0x0000000087900000| PB 0x0000000087900000| Complete 
| 122|0x0000000087a00000, 0x0000000087b00000, 0x0000000087b00000|100%| E|CS|TAMS 0x0000000087a00000| PB 0x0000000087a00000| Complete 
| 123|0x0000000087b00000, 0x0000000087c00000, 0x0000000087c00000|100%| E|CS|TAMS 0x0000000087b00000| PB 0x0000000087b00000| Complete 

Card table byte_map: [0x00000152f9b30000,0x00000152f9f30000] _byte_map_base: 0x00000152f9730000

Marking Bits: (CMBitMap*) 0x00000152f0b39ff0
 Bits: [0x00000152f9f30000, 0x00000152fbf30000)

Polling page: 0x00000152ee890000

Metaspace:

Usage:
  Non-class:     14.33 MB used.
      Class:      2.27 MB used.
       Both:     16.59 MB used.

Virtual space:
  Non-class space:       64.00 MB reserved,      14.62 MB ( 23%) committed,  1 nodes.
      Class space:        1.00 GB reserved,       2.50 MB ( <1%) committed,  1 nodes.
             Both:        1.06 GB reserved,      17.12 MB (  2%) committed. 

Chunk freelists:
   Non-Class:  528.00 KB
       Class:  13.50 MB
        Both:  14.02 MB

MaxMetaspaceSize: unlimited
CompressedClassSpaceSize: 1.00 GB
Initial GC threshold: 21.00 MB
Current GC threshold: 21.00 MB
CDS: on
 - commit_granule_bytes: 65536.
 - commit_granule_words: 8192.
 - virtual_space_node_default_size: 8388608.
 - enlarge_chunks_in_place: 1.
 - use_allocation_guard: 0.


Internal statistics:

num_allocs_failed_limit: 0.
num_arena_births: 672.
num_arena_deaths: 0.
num_vsnodes_births: 2.
num_vsnodes_deaths: 0.
num_space_committed: 274.
num_space_uncommitted: 0.
num_chunks_returned_to_freelist: 0.
num_chunks_taken_from_freelist: 1278.
num_chunk_merges: 0.
num_chunk_splits: 836.
num_chunks_enlarged: 574.
num_inconsistent_stats: 0.

CodeHeap 'non-profiled nmethods': size=120000Kb used=1473Kb max_used=1473Kb free=118526Kb
 bounds [0x0000015287ad0000, 0x0000015287d40000, 0x000001528f000000]
CodeHeap 'profiled nmethods': size=120000Kb used=5689Kb max_used=5689Kb free=114311Kb
 bounds [0x0000015280000000, 0x0000015280590000, 0x0000015287530000]
CodeHeap 'non-nmethods': size=5760Kb used=1490Kb max_used=1538Kb free=4269Kb
 bounds [0x0000015287530000, 0x00000152877a0000, 0x0000015287ad0000]
 total_blobs=3454 nmethods=2887 adapters=471
 compilation: enabled
              stopped_count=0, restarted_count=0
 full_count=0

Compilation events (20 events):
Event: 7.298 Thread 0x00000152febe49e0 2844       3       java.lang.invoke.LambdaForm$Name::<init> (99 bytes)
Event: 7.298 Thread 0x00000152febe49e0 nmethod 2844 0x000001528057a410 code [0x000001528057a5c0, 0x000001528057a8d0]
Event: 7.300 Thread 0x00000152febe49e0 2848       3       java.lang.invoke.DirectMethodHandle::make (21 bytes)
Event: 7.300 Thread 0x00000152febe49e0 nmethod 2848 0x000001528057a990 code [0x000001528057ab40, 0x000001528057ad20]
Event: 7.300 Thread 0x00000152febe49e0 2847       3       java.lang.invoke.DirectMethodHandle::preparedFieldLambdaForm (180 bytes)
Event: 7.301 Thread 0x00000152febe49e0 nmethod 2847 0x000001528057ae10 code [0x000001528057b060, 0x000001528057b778]
Event: 7.302 Thread 0x00000152febe49e0 2851       3       java.util.List::of (64 bytes)
Event: 7.303 Thread 0x00000152febe49e0 nmethod 2851 0x000001528057ba90 code [0x000001528057bd20, 0x000001528057c9a0]
Event: 7.303 Thread 0x00000152febe49e0 2852       3       java.util.ArrayList::toArray (12 bytes)
Event: 7.303 Thread 0x00000152febe49e0 nmethod 2852 0x000001528057cd90 code [0x000001528057cf40, 0x000001528057d120]
Event: 7.304 Thread 0x00000152febe49e0 2854       3       java.lang.invoke.MethodType::invokers (27 bytes)
Event: 7.304 Thread 0x00000152febe49e0 nmethod 2854 0x000001528057d210 code [0x000001528057d3e0, 0x000001528057d818]
Event: 7.304 Thread 0x00000152febe49e0 2855       3       java.lang.invoke.Invokers::cachedInvoker (7 bytes)
Event: 7.304 Thread 0x00000152febe49e0 nmethod 2855 0x000001528057d910 code [0x000001528057daa0, 0x000001528057dbd8]
Event: 7.305 Thread 0x00000152febe49e0 2858       3       java.lang.invoke.DirectMethodHandle::afIndex (20 bytes)
Event: 7.305 Thread 0x00000152febe49e0 nmethod 2858 0x000001528057dc90 code [0x000001528057de20, 0x000001528057df68]
Event: 7.305 Thread 0x00000152febe49e0 2859       3       java.lang.invoke.MethodHandles$Lookup::getDirectFieldCommon (67 bytes)
Event: 7.306 Thread 0x00000152febe49e0 nmethod 2859 0x000001528057e010 code [0x000001528057e220, 0x000001528057e690]
Event: 7.306 Thread 0x00000152febe49e0 2861       3       java.util.ArrayList::clear (43 bytes)
Event: 7.306 Thread 0x00000152febe49e0 nmethod 2861 0x000001528057e810 code [0x000001528057e9c0, 0x000001528057ed38]

GC Heap History (6 events):
Event: 0.472 GC heap before
{Heap before GC invocations=0 (full 0):
 garbage-first heap   total 126976K, used 22528K [0x0000000080000000, 0x0000000100000000)
  region size 1024K, 23 young (23552K), 0 survivors (0K)
 Metaspace       used 1043K, committed 1152K, reserved 1114112K
  class space    used 76K, committed 128K, reserved 1048576K
}
Event: 0.533 GC heap after
{Heap after GC invocations=1 (full 0):
 garbage-first heap   total 126976K, used 2528K [0x0000000080000000, 0x0000000100000000)
  region size 1024K, 3 young (3072K), 3 survivors (3072K)
 Metaspace       used 1043K, committed 1152K, reserved 1114112K
  class space    used 76K, committed 128K, reserved 1048576K
}
Event: 2.261 GC heap before
{Heap before GC invocations=1 (full 0):
 garbage-first heap   total 126976K, used 37344K [0x0000000080000000, 0x0000000100000000)
  region size 1024K, 35 young (35840K), 3 survivors (3072K)
 Metaspace       used 4372K, committed 4544K, reserved 1114112K
  class space    used 544K, committed 640K, reserved 1048576K
}
Event: 2.273 GC heap after
{Heap after GC invocations=2 (full 0):
 garbage-first heap   total 126976K, used 10520K [0x0000000080000000, 0x0000000100000000)
  region size 1024K, 5 young (5120K), 5 survivors (5120K)
 Metaspace       used 4372K, committed 4544K, reserved 1114112K
  class space    used 544K, committed 640K, reserved 1048576K
}
Event: 2.698 GC heap before
{Heap before GC invocations=2 (full 0):
 garbage-first heap   total 126976K, used 53528K [0x0000000080000000, 0x0000000100000000)
  region size 1024K, 45 young (46080K), 5 survivors (5120K)
 Metaspace       used 4494K, committed 4736K, reserved 1114112K
  class space    used 545K, committed 640K, reserved 1048576K
}
Event: 2.709 GC heap after
{Heap after GC invocations=3 (full 0):
 garbage-first heap   total 126976K, used 15663K [0x0000000080000000, 0x0000000100000000)
  region size 1024K, 4 young (4096K), 4 survivors (4096K)
 Metaspace       used 4494K, committed 4736K, reserved 1114112K
  class space    used 545K, committed 640K, reserved 1048576K
}

Dll operation events (15 events):
Event: 0.012 Loaded shared library C:\Program Files\Eclipse Adoptium\jdk-21.0.7.6-hotspot\bin\java.dll
Event: 0.058 Loaded shared library C:\Program Files\Eclipse Adoptium\jdk-21.0.7.6-hotspot\bin\jsvml.dll
Event: 0.103 Loaded shared library C:\Program Files\Eclipse Adoptium\jdk-21.0.7.6-hotspot\bin\zip.dll
Event: 0.106 Loaded shared library C:\Program Files\Eclipse Adoptium\jdk-21.0.7.6-hotspot\bin\instrument.dll
Event: 0.110 Loaded shared library C:\Program Files\Eclipse Adoptium\jdk-21.0.7.6-hotspot\bin\net.dll
Event: 0.113 Loaded shared library C:\Program Files\Eclipse Adoptium\jdk-21.0.7.6-hotspot\bin\nio.dll
Event: 0.119 Loaded shared library C:\Program Files\Eclipse Adoptium\jdk-21.0.7.6-hotspot\bin\zip.dll
Event: 0.409 Loaded shared library C:\Program Files\Eclipse Adoptium\jdk-21.0.7.6-hotspot\bin\jimage.dll
Event: 0.605 Loaded shared library C:\Program Files\Eclipse Adoptium\jdk-21.0.7.6-hotspot\bin\verify.dll
Event: 0.821 Loaded shared library C:\Users\dttsi\.gradle\native\1def1411415f61bf3af743bc5b6707747c0891f09f0c88961ee8f79bc544acac\windows-amd64\native-platform.dll
Event: 0.915 Loaded shared library C:\Users\dttsi\.gradle\native\0.2.7\x86_64-windows-gnu\gradle-fileevents.dll
Event: 3.291 Loaded shared library C:\Program Files\Eclipse Adoptium\jdk-21.0.7.6-hotspot\bin\management.dll
Event: 3.296 Loaded shared library C:\Program Files\Eclipse Adoptium\jdk-21.0.7.6-hotspot\bin\management_ext.dll
Event: 3.571 Loaded shared library C:\Program Files\Eclipse Adoptium\jdk-21.0.7.6-hotspot\bin\extnet.dll
Event: 3.910 Loaded shared library C:\Program Files\Eclipse Adoptium\jdk-21.0.7.6-hotspot\bin\sunmscapi.dll

Deoptimization events (20 events):
Event: 5.803 Thread 0x00000152d51d4010 DEOPT PACKING pc=0x0000015287bd7700 sp=0x00000046d85fac60
Event: 5.803 Thread 0x00000152d51d4010 DEOPT UNPACKING pc=0x00000152875846a2 sp=0x00000046d85faaf8 mode 2
Event: 5.803 Thread 0x00000152d51d4010 Uncommon trap: trap_request=0xffffff45 fr.pc=0x0000015287bd70ac relative=0x000000000000008c
Event: 5.803 Thread 0x00000152d51d4010 Uncommon trap: reason=unstable_if action=reinterpret pc=0x0000015287bd70ac method=jdk.internal.misc.Unsafe.convEndian(ZI)I @ 4 c2
Event: 5.803 Thread 0x00000152d51d4010 DEOPT PACKING pc=0x0000015287bd70ac sp=0x00000046d85fabc0
Event: 5.803 Thread 0x00000152d51d4010 DEOPT UNPACKING pc=0x00000152875846a2 sp=0x00000046d85faaf0 mode 2
Event: 5.846 Thread 0x00000152d51d4010 Uncommon trap: trap_request=0xffffff45 fr.pc=0x0000015287af80ac relative=0x0000000000000d2c
Event: 5.846 Thread 0x00000152d51d4010 Uncommon trap: reason=unstable_if action=reinterpret pc=0x0000015287af80ac method=java.io.WinNTFileSystem.resolve(Ljava/lang/String;Ljava/lang/String;)Ljava/lang/String; @ 19 c2
Event: 5.846 Thread 0x00000152d51d4010 DEOPT PACKING pc=0x0000015287af80ac sp=0x00000046d85faf20
Event: 5.846 Thread 0x00000152d51d4010 DEOPT UNPACKING pc=0x00000152875846a2 sp=0x00000046d85faeb8 mode 2
Event: 5.848 Thread 0x00000152d51d4010 Uncommon trap: trap_request=0xffffff45 fr.pc=0x0000015287b69018 relative=0x0000000000000638
Event: 5.848 Thread 0x00000152d51d4010 Uncommon trap: reason=unstable_if action=reinterpret pc=0x0000015287b69018 method=java.io.File.getName()Ljava/lang/String; @ 16 c2
Event: 5.848 Thread 0x00000152d51d4010 DEOPT PACKING pc=0x0000015287b69018 sp=0x00000046d85faee0
Event: 5.848 Thread 0x00000152d51d4010 DEOPT UNPACKING pc=0x00000152875846a2 sp=0x00000046d85faeb0 mode 2
Event: 5.944 Thread 0x00000152d51d4010 DEOPT PACKING pc=0x0000015280476902 sp=0x00000046d85f9e20
Event: 5.944 Thread 0x00000152d51d4010 DEOPT UNPACKING pc=0x0000015287584e42 sp=0x00000046d85f9330 mode 0
Event: 6.012 Thread 0x00000152d51d4010 Uncommon trap: trap_request=0xffffff45 fr.pc=0x0000015287afcc14 relative=0x00000000000000f4
Event: 6.012 Thread 0x00000152d51d4010 Uncommon trap: reason=unstable_if action=reinterpret pc=0x0000015287afcc14 method=java.util.HashMap.hash(Ljava/lang/Object;)I @ 1 c2
Event: 6.012 Thread 0x00000152d51d4010 DEOPT PACKING pc=0x0000015287afcc14 sp=0x00000046d85fbfe0
Event: 6.012 Thread 0x00000152d51d4010 DEOPT UNPACKING pc=0x00000152875846a2 sp=0x00000046d85fbf20 mode 2

Classes loaded (20 events):
Event: 7.277 Loading class java/lang/invoke/BoundMethodHandle$Species_LLLLLLLLLLLLLLL
Event: 7.277 Loading class java/lang/invoke/BoundMethodHandle$Species_LLLLLLLLLLLLLLL done
Event: 7.286 Loading class java/lang/invoke/BoundMethodHandle$Species_LLLLLLLLLLLLLLLL
Event: 7.286 Loading class java/lang/invoke/BoundMethodHandle$Species_LLLLLLLLLLLLLLLL done
Event: 7.290 Loading class java/lang/invoke/BoundMethodHandle$Species_LLLLLLLLLLLLLLLLL
Event: 7.290 Loading class java/lang/invoke/BoundMethodHandle$Species_LLLLLLLLLLLLLLLLL done
Event: 7.293 Loading class java/lang/invoke/BoundMethodHandle$Species_LLLLLLLLLLLLLLLLLL
Event: 7.293 Loading class java/lang/invoke/BoundMethodHandle$Species_LLLLLLLLLLLLLLLLLL done
Event: 7.297 Loading class java/lang/invoke/BoundMethodHandle$Species_LLLLLLLLLLLLLLLLLLL
Event: 7.297 Loading class java/lang/invoke/BoundMethodHandle$Species_LLLLLLLLLLLLLLLLLLL done
Event: 7.298 Loading class java/lang/invoke/BoundMethodHandle$Species_LLLLLLLLLLLLLLLLLLLL
Event: 7.299 Loading class java/lang/invoke/BoundMethodHandle$Species_LLLLLLLLLLLLLLLLLLLL done
Event: 7.301 Loading class java/lang/invoke/BoundMethodHandle$Species_LLLLLLLLLLLLLLLLLLLLL
Event: 7.301 Loading class java/lang/invoke/BoundMethodHandle$Species_LLLLLLLLLLLLLLLLLLLLL done
Event: 7.304 Loading class java/lang/invoke/BoundMethodHandle$Species_LLLLLLLLLLLLLLLLLLLLLL
Event: 7.304 Loading class java/lang/invoke/BoundMethodHandle$Species_LLLLLLLLLLLLLLLLLLLLLL done
Event: 7.305 Loading class java/lang/invoke/BoundMethodHandle$Species_LLLLLLLLLLLLLLLLLLLLLLL
Event: 7.305 Loading class java/lang/invoke/BoundMethodHandle$Species_LLLLLLLLLLLLLLLLLLLLLLL done
Event: 7.306 Loading class java/lang/invoke/BoundMethodHandle$Species_LLLLLLLLLLLLLLLLLLLLLLLL
Event: 7.306 Loading class java/lang/invoke/BoundMethodHandle$Species_LLLLLLLLLLLLLLLLLLLLLLLL done

Classes unloaded (0 events):
No events

Classes redefined (0 events):
No events

Internal exceptions (20 events):
Event: 5.722 Thread 0x00000152d51d4010 Exception <a 'java/lang/NoSuchMethodError'{0x000000008444dbd0}: 'java.lang.Object java.lang.invoke.DirectMethodHandle$Holder.newInvokeSpecial(java.lang.Object, java.lang.Object, int)'> (0x000000008444dbd0) 
thrown [s\src\hotspot\share\interpreter\linkResolver.cpp, line 773]
Event: 5.815 Thread 0x00000152d51d4010 Exception <a 'java/lang/NoSuchMethodError'{0x00000000840c1738}: 'java.lang.Object java.lang.invoke.DirectMethodHandle$Holder.invokeVirtual(java.lang.Object, java.lang.Object, java.lang.Object, java.lang.Object, java.lang.Object, java.lang.Object, java.lang.Object, java.lang.Object)'> (0x00000000840c1738) 
thrown [s\src\hotspot\share\interpreter\linkResolver.cpp, line 773]
Event: 5.841 Thread 0x00000152d51d4010 Exception <a 'java/lang/NoSuchMethodError'{0x0000000083f659d8}: 'java.lang.Object java.lang.invoke.DirectMethodHandle$Holder.invokeVirtual(java.lang.Object, java.lang.Object, java.lang.Object, java.lang.Object, java.lang.Object, java.lang.Object, java.lang.Object, java.lang.Object, java.lang.Object, java.lang.Object)'> (0x0000000083f659d8) 
thrown [s\src\hotspot\share\interpreter\linkResolver.cpp, line 773]
Event: 5.887 Thread 0x00000152d51d4010 Exception <a 'java/lang/NoSuchMethodError'{0x0000000083e52698}: 'java.lang.Object java.lang.invoke.DirectMethodHandle$Holder.invokeInterface(java.lang.Object, java.lang.Object, java.lang.Object)'> (0x0000000083e52698) 
thrown [s\src\hotspot\share\interpreter\linkResolver.cpp, line 773]
Event: 5.940 Thread 0x00000152d51d4010 Exception <a 'java/lang/NoSuchMethodError'{0x0000000083d56a58}: 'int java.lang.invoke.DirectMethodHandle$Holder.invokeSpecialIFC(java.lang.Object, java.lang.Object, java.lang.Object, java.lang.Object)'> (0x0000000083d56a58) 
thrown [s\src\hotspot\share\interpreter\linkResolver.cpp, line 773]
Event: 5.945 Thread 0x00000152d51d4010 Exception <a 'java/lang/IncompatibleClassChangeError'{0x0000000083d69e20}: Found class java.lang.Object, but interface was expected> (0x0000000083d69e20) 
thrown [s\src\hotspot\share\interpreter\linkResolver.cpp, line 840]
Event: 6.012 Thread 0x00000152d51d4010 Implicit null exception at 0x0000015287afcb66 to 0x0000015287afcc0a
Event: 6.069 Thread 0x00000152d51d4010 Exception <a 'java/lang/NoSuchMethodError'{0x0000000083b5a8d0}: 'int java.lang.invoke.DirectMethodHandle$Holder.invokeStatic(java.lang.Object, java.lang.Object, java.lang.Object, java.lang.Object)'> (0x0000000083b5a8d0) 
thrown [s\src\hotspot\share\interpreter\linkResolver.cpp, line 773]
Event: 6.253 Thread 0x00000152d51d4010 Exception <a 'java/lang/NoSuchMethodError'{0x00000000839e10d0}: 'java.lang.Object java.lang.invoke.DelegatingMethodHandle$Holder.reinvoke_L(java.lang.Object, java.lang.Object, java.lang.Object, java.lang.Object, java.lang.Object, java.lang.Object, java.lang.Object, java.lang.Object, java.lang.Object, java.lang.Object, java.lang.Object, java.lang.Object, java.lang.Object, java.lang.Object, java.lang.Object, java.lang.Object, java.lang.Object, java.lang.Object, java.lang.Object, java.lang.Object, java.lang.O
Event: 6.269 Thread 0x00000152d51d4010 Exception <a 'java/lang/NoSuchMethodError'{0x000000008384ffa8}: 'java.lang.Object java.lang.invoke.DirectMethodHandle$Holder.invokeStatic(java.lang.Object, java.lang.Object, java.lang.Object, java.lang.Object, java.lang.Object, java.lang.Object, java.lang.Object, java.lang.Object, java.lang.Object, java.lang.Object, java.lang.Object, java.lang.Object, java.lang.Object, java.lang.Object, java.lang.Object, java.lang.Object, java.lang.Object)'> (0x000000008384ffa8) 
thrown [s\src\hotspot\share\interpreter\lin
Event: 7.284 Thread 0x00000152d51d4010 Exception <a 'java/lang/NoSuchMethodError'{0x0000000083879e98}: 'java.lang.Object java.lang.invoke.DirectMethodHandle$Holder.invokeStatic(java.lang.Object, java.lang.Object, java.lang.Object, java.lang.Object, java.lang.Object, java.lang.Object, java.lang.Object, java.lang.Object, java.lang.Object, java.lang.Object, java.lang.Object, java.lang.Object, java.lang.Object, java.lang.Object, java.lang.Object, java.lang.Object, java.lang.Object, java.lang.Object)'> (0x0000000083879e98) 
thrown [s\src\hotspot\sha
Event: 7.289 Thread 0x00000152d51d4010 Exception <a 'java/lang/NoSuchMethodError'{0x00000000838a4110}: 'java.lang.Object java.lang.invoke.DirectMethodHandle$Holder.invokeStatic(java.lang.Object, java.lang.Object, java.lang.Object, java.lang.Object, java.lang.Object, java.lang.Object, java.lang.Object, java.lang.Object, java.lang.Object, java.lang.Object, java.lang.Object, java.lang.Object, java.lang.Object, java.lang.Object, java.lang.Object, java.lang.Object, java.lang.Object, java.lang.Object, java.lang.Object)'> (0x00000000838a4110) 
thrown 
Event: 7.292 Thread 0x00000152d51d4010 Exception <a 'java/lang/NoSuchMethodError'{0x00000000838cf7d0}: 'java.lang.Object java.lang.invoke.DirectMethodHandle$Holder.invokeStatic(java.lang.Object, java.lang.Object, java.lang.Object, java.lang.Object, java.lang.Object, java.lang.Object, java.lang.Object, java.lang.Object, java.lang.Object, java.lang.Object, java.lang.Object, java.lang.Object, java.lang.Object, java.lang.Object, java.lang.Object, java.lang.Object, java.lang.Object, java.lang.Object, java.lang.Object, java.lang.Object)'> (0x00000000
Event: 7.294 Thread 0x00000152d51d4010 Exception <a 'java/lang/NoSuchMethodError'{0x00000000838fc348}: 'java.lang.Object java.lang.invoke.DirectMethodHandle$Holder.invokeStatic(java.lang.Object, java.lang.Object, java.lang.Object, java.lang.Object, java.lang.Object, java.lang.Object, java.lang.Object, java.lang.Object, java.lang.Object, java.lang.Object, java.lang.Object, java.lang.Object, java.lang.Object, java.lang.Object, java.lang.Object, java.lang.Object, java.lang.Object, java.lang.Object, java.lang.Object, java.lang.Object, java.lang.Obj
Event: 7.298 Thread 0x00000152d51d4010 Exception <a 'java/lang/NoSuchMethodError'{0x000000008372a258}: 'java.lang.Object java.lang.invoke.DirectMethodHandle$Holder.invokeStatic(java.lang.Object, java.lang.Object, java.lang.Object, java.lang.Object, java.lang.Object, java.lang.Object, java.lang.Object, java.lang.Object, java.lang.Object, java.lang.Object, java.lang.Object, java.lang.Object, java.lang.Object, java.lang.Object, java.lang.Object, java.lang.Object, java.lang.Object, java.lang.Object, java.lang.Object, java.lang.Object, java.lang.Obj
Event: 7.299 Thread 0x00000152d51d4010 Exception <a 'java/lang/NoSuchMethodError'{0x0000000083758d90}: 'java.lang.Object java.lang.invoke.DirectMethodHandle$Holder.invokeStatic(java.lang.Object, java.lang.Object, java.lang.Object, java.lang.Object, java.lang.Object, java.lang.Object, java.lang.Object, java.lang.Object, java.lang.Object, java.lang.Object, java.lang.Object, java.lang.Object, java.lang.Object, java.lang.Object, java.lang.Object, java.lang.Object, java.lang.Object, java.lang.Object, java.lang.Object, java.lang.Object, java.lang.Obj
Event: 7.303 Thread 0x00000152d51d4010 Exception <a 'java/lang/NoSuchMethodError'{0x00000000837886e8}: 'java.lang.Object java.lang.invoke.DirectMethodHandle$Holder.invokeStatic(java.lang.Object, java.lang.Object, java.lang.Object, java.lang.Object, java.lang.Object, java.lang.Object, java.lang.Object, java.lang.Object, java.lang.Object, java.lang.Object, java.lang.Object, java.lang.Object, java.lang.Object, java.lang.Object, java.lang.Object, java.lang.Object, java.lang.Object, java.lang.Object, java.lang.Object, java.lang.Object, java.lang.Obj
Event: 7.305 Thread 0x00000152d51d4010 Exception <a 'java/lang/NoSuchMethodError'{0x00000000837b8e30}: 'java.lang.Object java.lang.invoke.DirectMethodHandle$Holder.invokeStatic(java.lang.Object, java.lang.Object, java.lang.Object, java.lang.Object, java.lang.Object, java.lang.Object, java.lang.Object, java.lang.Object, java.lang.Object, java.lang.Object, java.lang.Object, java.lang.Object, java.lang.Object, java.lang.Object, java.lang.Object, java.lang.Object, java.lang.Object, java.lang.Object, java.lang.Object, java.lang.Object, java.lang.Obj
Event: 7.306 Thread 0x00000152d51d4010 Exception <a 'java/lang/NoSuchMethodError'{0x00000000837e9d50}: 'java.lang.Object java.lang.invoke.DirectMethodHandle$Holder.invokeStatic(java.lang.Object, java.lang.Object, java.lang.Object, java.lang.Object, java.lang.Object, java.lang.Object, java.lang.Object, java.lang.Object, java.lang.Object, java.lang.Object, java.lang.Object, java.lang.Object, java.lang.Object, java.lang.Object, java.lang.Object, java.lang.Object, java.lang.Object, java.lang.Object, java.lang.Object, java.lang.Object, java.lang.Obj
Event: 7.307 Thread 0x00000152d51d4010 Exception <a 'java/lang/NoSuchMethodError'{0x000000008361d3a0}: 'java.lang.Object java.lang.invoke.DirectMethodHandle$Holder.invokeStatic(java.lang.Object, java.lang.Object, java.lang.Object, java.lang.Object, java.lang.Object, java.lang.Object, java.lang.Object, java.lang.Object, java.lang.Object, java.lang.Object, java.lang.Object, java.lang.Object, java.lang.Object, java.lang.Object, java.lang.Object, java.lang.Object, java.lang.Object, java.lang.Object, java.lang.Object, java.lang.Object, java.lang.Obj

ZGC Phase Switch (0 events):
No events

VM Operations (20 events):
Event: 3.383 Executing VM operation: HandshakeAllThreads (Deoptimize)
Event: 3.383 Executing VM operation: HandshakeAllThreads (Deoptimize) done
Event: 3.470 Executing VM operation: HandshakeAllThreads (Deoptimize)
Event: 3.470 Executing VM operation: HandshakeAllThreads (Deoptimize) done
Event: 3.606 Executing VM operation: HandshakeAllThreads (Deoptimize)
Event: 3.606 Executing VM operation: HandshakeAllThreads (Deoptimize) done
Event: 3.670 Executing VM operation: HandshakeAllThreads (Deoptimize)
Event: 3.670 Executing VM operation: HandshakeAllThreads (Deoptimize) done
Event: 3.720 Executing VM operation: HandshakeAllThreads (Deoptimize)
Event: 3.720 Executing VM operation: HandshakeAllThreads (Deoptimize) done
Event: 3.721 Executing VM operation: Cleanup
Event: 3.721 Executing VM operation: Cleanup done
Event: 3.952 Executing VM operation: HandshakeAllThreads (Deoptimize)
Event: 3.953 Executing VM operation: HandshakeAllThreads (Deoptimize) done
Event: 4.960 Executing VM operation: Cleanup
Event: 4.960 Executing VM operation: Cleanup done
Event: 5.720 Executing VM operation: HandshakeAllThreads (Deoptimize)
Event: 5.720 Executing VM operation: HandshakeAllThreads (Deoptimize) done
Event: 6.727 Executing VM operation: Cleanup
Event: 6.727 Executing VM operation: Cleanup done

Memory protections (0 events):
No events

Nmethod flushes (0 events):
No events

Events (20 events):
Event: 1.047 Thread 0x00000152fefd7eb0 Thread exited: 0x00000152fefd7eb0
Event: 1.047 Thread 0x00000152fecffe40 Thread exited: 0x00000152fecffe40
Event: 2.102 Thread 0x00000152febe49e0 Thread added: 0x00000152d40508e0
Event: 2.311 Thread 0x00000152febe49e0 Thread added: 0x00000152d4505ee0
Event: 3.387 Thread 0x00000152f0ae1ed0 Thread added: 0x00000152d48d95e0
Event: 3.760 Thread 0x00000152f0ae1ed0 Thread added: 0x00000152d4c1e3e0
Event: 3.885 Thread 0x00000152f0ae1ed0 Thread added: 0x00000152d51205b0
Event: 4.036 Thread 0x00000152d4c1e3e0 Thread added: 0x00000152d4fc7d70
Event: 4.045 Thread 0x00000152d4fc7d70 Thread added: 0x00000152d4fc83d0
Event: 4.155 Thread 0x00000152d4fc7d70 Thread added: 0x00000152d5210110
Event: 4.178 Thread 0x00000152d4fc7d70 Thread added: 0x00000152d51d4010
Event: 4.240 Thread 0x00000152d51d4010 Thread added: 0x00000152d51e0990
Event: 4.254 Thread 0x00000152d51d4010 Thread added: 0x00000152d51dfc70
Event: 4.260 Thread 0x00000152d51d4010 Thread added: 0x00000152d51e1020
Event: 4.336 Thread 0x00000152d4505ee0 Thread exited: 0x00000152d4505ee0
Event: 4.471 Thread 0x00000152d40508e0 Thread exited: 0x00000152d40508e0
Event: 5.721 Thread 0x00000152d51d4010 Thread added: 0x00000152d51e0300
Event: 5.731 Thread 0x00000152d51d4010 Thread added: 0x00000152d51df5e0
Event: 5.786 Thread 0x00000152d51d4010 Thread added: 0x00000152d51de230
Event: 5.787 Thread 0x00000152febe49e0 Thread added: 0x00000152fed3be20


Dynamic libraries:
0x00007ff718c90000 - 0x00007ff718c9e000 	C:\Program Files\Eclipse Adoptium\jdk-21.0.7.6-hotspot\bin\java.exe
0x00007ff9336a0000 - 0x00007ff933907000 	C:\WINDOWS\SYSTEM32\ntdll.dll
0x00007ff931fc0000 - 0x00007ff932089000 	C:\WINDOWS\System32\KERNEL32.DLL
0x00007ff930870000 - 0x00007ff930c60000 	C:\WINDOWS\System32\KERNELBASE.dll
0x00007ff930f70000 - 0x00007ff9310bb000 	C:\WINDOWS\System32\ucrtbase.dll
0x00007ff90e3f0000 - 0x00007ff90e408000 	C:\Program Files\Eclipse Adoptium\jdk-21.0.7.6-hotspot\bin\jli.dll
0x00007ff931430000 - 0x00007ff9315f5000 	C:\WINDOWS\System32\USER32.dll
0x00007ff931400000 - 0x00007ff931427000 	C:\WINDOWS\System32\win32u.dll
0x00007ff90d5a0000 - 0x00007ff90d5be000 	C:\Program Files\Eclipse Adoptium\jdk-21.0.7.6-hotspot\bin\VCRUNTIME140.dll
0x00007ff932520000 - 0x00007ff93254b000 	C:\WINDOWS\System32\GDI32.dll
0x00007ff931200000 - 0x00007ff931338000 	C:\WINDOWS\System32\gdi32full.dll
0x00007ff931150000 - 0x00007ff9311f3000 	C:\WINDOWS\System32\msvcp_win.dll
0x00007ff91e680000 - 0x00007ff91e91a000 	C:\WINDOWS\WinSxS\amd64_microsoft.windows.common-controls_6595b64144ccf1df_6.0.26100.4768_none_3e0c112ce331287c\COMCTL32.dll
0x00007ff932090000 - 0x00007ff932139000 	C:\WINDOWS\System32\msvcrt.dll
0x00007ff933350000 - 0x00007ff93337f000 	C:\WINDOWS\System32\IMM32.DLL
0x00007ff925980000 - 0x00007ff92598c000 	C:\Program Files\Eclipse Adoptium\jdk-21.0.7.6-hotspot\bin\vcruntime140_1.dll
0x00007ff8dabd0000 - 0x00007ff8dac5d000 	C:\Program Files\Eclipse Adoptium\jdk-21.0.7.6-hotspot\bin\msvcp140.dll
0x00007ff88ba60000 - 0x00007ff88c7f0000 	C:\Program Files\Eclipse Adoptium\jdk-21.0.7.6-hotspot\bin\server\jvm.dll
0x00007ff933490000 - 0x00007ff933544000 	C:\WINDOWS\System32\ADVAPI32.dll
0x00007ff932400000 - 0x00007ff9324a6000 	C:\WINDOWS\System32\sechost.dll
0x00007ff9322e0000 - 0x00007ff9323f8000 	C:\WINDOWS\System32\RPCRT4.dll
0x00007ff932e50000 - 0x00007ff932ec4000 	C:\WINDOWS\System32\WS2_32.dll
0x00007ff927150000 - 0x00007ff927185000 	C:\WINDOWS\SYSTEM32\WINMM.dll
0x00007ff930630000 - 0x00007ff93068e000 	C:\WINDOWS\SYSTEM32\POWRPROF.dll
0x00007ff9280f0000 - 0x00007ff9280fb000 	C:\WINDOWS\SYSTEM32\VERSION.dll
0x00007ff930610000 - 0x00007ff930624000 	C:\WINDOWS\SYSTEM32\UMPDC.dll
0x00007ff92f550000 - 0x00007ff92f56b000 	C:\WINDOWS\SYSTEM32\kernel.appcore.dll
0x00007ff925140000 - 0x00007ff92514a000 	C:\Program Files\Eclipse Adoptium\jdk-21.0.7.6-hotspot\bin\jimage.dll
0x00007ff92ded0000 - 0x00007ff92e111000 	C:\WINDOWS\SYSTEM32\DBGHELP.DLL
0x00007ff931c30000 - 0x00007ff931fb5000 	C:\WINDOWS\System32\combase.dll
0x00007ff9333a0000 - 0x00007ff933480000 	C:\WINDOWS\System32\OLEAUT32.dll
0x00007ff920f90000 - 0x00007ff920fd3000 	C:\WINDOWS\SYSTEM32\dbgcore.DLL
0x00007ff9307d0000 - 0x00007ff930869000 	C:\WINDOWS\System32\bcryptPrimitives.dll
0x00007ff925970000 - 0x00007ff92597f000 	C:\Program Files\Eclipse Adoptium\jdk-21.0.7.6-hotspot\bin\instrument.dll
0x00007ff90ce70000 - 0x00007ff90ce8f000 	C:\Program Files\Eclipse Adoptium\jdk-21.0.7.6-hotspot\bin\java.dll
0x00007ff932550000 - 0x00007ff932c9d000 	C:\WINDOWS\System32\SHELL32.dll
0x00007ff930c70000 - 0x00007ff930de3000 	C:\WINDOWS\System32\wintypes.dll
0x00007ff92e380000 - 0x00007ff92ebe0000 	C:\WINDOWS\SYSTEM32\windows.storage.dll
0x00007ff933250000 - 0x00007ff933345000 	C:\WINDOWS\System32\SHCORE.dll
0x00007ff932250000 - 0x00007ff9322ba000 	C:\WINDOWS\System32\shlwapi.dll
0x00007ff9306f0000 - 0x00007ff930719000 	C:\WINDOWS\SYSTEM32\profapi.dll
0x00007ff8da920000 - 0x00007ff8da9f7000 	C:\Program Files\Eclipse Adoptium\jdk-21.0.7.6-hotspot\bin\jsvml.dll
0x00007ff8fac40000 - 0x00007ff8fac58000 	C:\Program Files\Eclipse Adoptium\jdk-21.0.7.6-hotspot\bin\zip.dll
0x00007ff9239e0000 - 0x00007ff9239f0000 	C:\Program Files\Eclipse Adoptium\jdk-21.0.7.6-hotspot\bin\net.dll
0x00007ff928490000 - 0x00007ff9285ae000 	C:\WINDOWS\SYSTEM32\WINHTTP.dll
0x00007ff92fae0000 - 0x00007ff92fb4b000 	C:\WINDOWS\system32\mswsock.dll
0x00007ff902a90000 - 0x00007ff902aa6000 	C:\Program Files\Eclipse Adoptium\jdk-21.0.7.6-hotspot\bin\nio.dll
0x00007ff920a10000 - 0x00007ff920a20000 	C:\Program Files\Eclipse Adoptium\jdk-21.0.7.6-hotspot\bin\verify.dll
0x00007ff8d4970000 - 0x00007ff8d4997000 	C:\Users\dttsi\.gradle\native\1def1411415f61bf3af743bc5b6707747c0891f09f0c88961ee8f79bc544acac\windows-amd64\native-platform.dll
0x00007ff8f6a10000 - 0x00007ff8f6a88000 	C:\Users\dttsi\.gradle\native\0.2.7\x86_64-windows-gnu\gradle-fileevents.dll
0x00007ff928610000 - 0x00007ff92861a000 	C:\Program Files\Eclipse Adoptium\jdk-21.0.7.6-hotspot\bin\management.dll
0x00007ff9265a0000 - 0x00007ff9265ab000 	C:\Program Files\Eclipse Adoptium\jdk-21.0.7.6-hotspot\bin\management_ext.dll
0x00007ff933390000 - 0x00007ff933398000 	C:\WINDOWS\System32\PSAPI.DLL
0x00007ff92ef10000 - 0x00007ff92ef43000 	C:\WINDOWS\SYSTEM32\IPHLPAPI.DLL
0x00007ff932240000 - 0x00007ff93224a000 	C:\WINDOWS\System32\NSI.dll
0x00007ff924860000 - 0x00007ff924869000 	C:\Program Files\Eclipse Adoptium\jdk-21.0.7.6-hotspot\bin\extnet.dll
0x00007ff92fdb0000 - 0x00007ff92fdcb000 	C:\WINDOWS\SYSTEM32\CRYPTSP.dll
0x00007ff92f4b0000 - 0x00007ff92f4eb000 	C:\WINDOWS\system32\rsaenh.dll
0x00007ff92fb80000 - 0x00007ff92fbab000 	C:\WINDOWS\SYSTEM32\USERENV.dll
0x00007ff9306c0000 - 0x00007ff9306e6000 	C:\WINDOWS\SYSTEM32\bcrypt.dll
0x00007ff92fda0000 - 0x00007ff92fdac000 	C:\WINDOWS\SYSTEM32\CRYPTBASE.dll
0x00007ff925960000 - 0x00007ff92596e000 	C:\Program Files\Eclipse Adoptium\jdk-21.0.7.6-hotspot\bin\sunmscapi.dll
0x00007ff930df0000 - 0x00007ff930f67000 	C:\WINDOWS\System32\CRYPT32.dll
0x00007ff92ffc0000 - 0x00007ff92fff0000 	C:\WINDOWS\SYSTEM32\ncrypt.dll
0x00007ff92ff70000 - 0x00007ff92ffaf000 	C:\WINDOWS\SYSTEM32\NTASN1.dll
0x00007ff90eab0000 - 0x00007ff90eab8000 	C:\WINDOWS\system32\wshunix.dll

dbghelp: loaded successfully - version: 4.0.5 - missing functions: none
symbol engine: initialized successfully - sym options: 0x614 - pdb path: .;C:\Program Files\Eclipse Adoptium\jdk-21.0.7.6-hotspot\bin;C:\WINDOWS\SYSTEM32;C:\WINDOWS\WinSxS\amd64_microsoft.windows.common-controls_6595b64144ccf1df_6.0.26100.4768_none_3e0c112ce331287c;C:\Program Files\Eclipse Adoptium\jdk-21.0.7.6-hotspot\bin\server;C:\Users\dttsi\.gradle\native\1def1411415f61bf3af743bc5b6707747c0891f09f0c88961ee8f79bc544acac\windows-amd64;C:\Users\dttsi\.gradle\native\0.2.7\x86_64-windows-gnu

VM Arguments:
jvm_args: --add-opens=java.base/java.lang=ALL-UNNAMED --add-opens=java.base/java.lang.invoke=ALL-UNNAMED --add-opens=java.base/java.util=ALL-UNNAMED --add-opens=java.prefs/java.util.prefs=ALL-UNNAMED --add-exports=jdk.compiler/com.sun.tools.javac.api=ALL-UNNAMED --add-exports=jdk.compiler/com.sun.tools.javac.util=ALL-UNNAMED --add-opens=java.base/java.util=ALL-UNNAMED --add-opens=java.prefs/java.util.prefs=ALL-UNNAMED --add-opens=java.base/java.nio.charset=ALL-UNNAMED --add-opens=java.base/java.net=ALL-UNNAMED --add-opens=java.base/java.util.concurrent.atomic=ALL-UNNAMED --add-opens=java.xml/javax.xml.namespace=ALL-UNNAMED -Xmx2048m -Dfile.encoding=UTF-8 -Duser.country=PH -Duser.language=en -Duser.variant -javaagent:C:\Users\dttsi\.gradle\wrapper\dists\gradle-8.13-bin\5xuhj0ry160q40clulazy9h7d\gradle-8.13\lib\agents\gradle-instrumentation-agent-8.13.jar 
java_command: org.gradle.launcher.daemon.bootstrap.GradleDaemon 8.13
java_class_path (initial): C:\Users\dttsi\.gradle\wrapper\dists\gradle-8.13-bin\5xuhj0ry160q40clulazy9h7d\gradle-8.13\lib\gradle-daemon-main-8.13.jar
Launcher Type: SUN_STANDARD

[Global flags]
     intx CICompilerCount                          = 4                                         {product} {ergonomic}
     uint ConcGCThreads                            = 3                                         {product} {ergonomic}
     uint G1ConcRefinementThreads                  = 10                                        {product} {ergonomic}
   size_t G1HeapRegionSize                         = 1048576                                   {product} {ergonomic}
    uintx GCDrainStackTargetSize                   = 64                                        {product} {ergonomic}
   size_t InitialHeapSize                          = 130023424                                 {product} {ergonomic}
   size_t MarkStackSize                            = 4194304                                   {product} {ergonomic}
   size_t MaxHeapSize                              = 2147483648                                {product} {command line}
   size_t MaxNewSize                               = 1287651328                                {product} {ergonomic}
   size_t MinHeapDeltaBytes                        = 1048576                                   {product} {ergonomic}
   size_t MinHeapSize                              = 8388608                                   {product} {ergonomic}
    uintx NonNMethodCodeHeapSize                   = 5839372                                {pd product} {ergonomic}
    uintx NonProfiledCodeHeapSize                  = 122909434                              {pd product} {ergonomic}
    uintx ProfiledCodeHeapSize                     = 122909434                              {pd product} {ergonomic}
    uintx ReservedCodeCacheSize                    = 251658240                              {pd product} {ergonomic}
     bool SegmentedCodeCache                       = true                                      {product} {ergonomic}
   size_t SoftMaxHeapSize                          = 2147483648                             {manageable} {ergonomic}
     bool UseCompressedOops                        = true                           {product lp64_product} {ergonomic}
     bool UseG1GC                                  = true                                      {product} {ergonomic}
     bool UseLargePagesIndividualAllocation        = false                                  {pd product} {ergonomic}

Logging:
Log output configuration:
 #0: stdout all=warning uptime,level,tags foldmultilines=false
 #1: stderr all=off uptime,level,tags foldmultilines=false

Environment Variables:
JAVA_HOME=C:\Program Files\Eclipse Adoptium\jdk-21.0.7.6-hotspot
CLASSPATH=c:\Users\dttsi\AndroidStudioProjects\MobileFleet\\gradle\wrapper\gradle-wrapper.jar
PATH=C:\Program Files\Common Files\Oracle\Java\javapath;C:\Program Files\Eclipse Adoptium\jdk-17.0.15.6-hotspot\bin;C:\Program Files\Eclipse Adoptium\jdk-21.0.7.6-hotspot\bin;C:\WINDOWS\system32;C:\WINDOWS;C:\WINDOWS\System32\Wbem;C:\WINDOWS\System32\WindowsPowerShell\v1.0\;C:\WINDOWS\System32\OpenSSH\;C:\Program Files\Git\cmd;C:\Program Files\dotnet\;C:\ProgramData\chocolatey\bin;C:\Program Files\nodejs\;C:\Users\dttsi\AppData\Local\Programs\Python\Python38;C:\Users\dttsi\AppData\Local\Programs\Python\Python38\Scripts;C:\Program Files\CMake\bin;C:\Program Files\Void\bin;C:\Program Files\Docker\Docker\resources\bin;C:\Program Files\Eclipse Adoptium\jdk-21.0.7.6-hotspot\bin;C:\Program Files (x86)\Windows Kits\10\Windows Performance Toolkit\;C:\Users\dttsi\AppData\Local\Android\Sdk\platform-tools;C:\Users\dttsi\AppData\Local\Pub\Cache\bin;;c:\Users\dttsi\AppData\Local\Programs\cursor\resources\app\bin;C:\Users\dttsi\AppData\Local\Programs\Python\Python38\Scripts\;C:\Users\dttsi\AppData\Local\Programs\Python\Python38\;C:\Users\dttsi\.local\bin;C:\Users\dttsi\AppData\Local\Programs\Python\Launcher\;C:\Users\dttsi\AppData\Local\Microsoft\WindowsApps;C:\Program Files\OpenSSL-Win64\bin;C:\Users\dttsi\AppData\Roaming\npm;C:\Users\dttsi\AppData\Local\Programs\Windsurf\bin;C:\Program Files\heroku\bin;C:\Users\dttsi\AppData\Local\Programs\Aide\bin;C:\Users\dttsi\AppData\Local\Programs\Microsoft VS Code\bin;C:\Users\dttsi\Downloads\flutter_windows_3.32.6-stable\flutter\bin;C:\Users\gerla\AppData\Local\Android\Sdk\platform-tools;C:\Android\platform-tools;C:\Users\dttsi\AppData\Local\Android\Sdk;C:\Users\dttsi\AppData\Local\Programs\Kiro\bin
USERNAME=drr
OS=Windows_NT
PROCESSOR_IDENTIFIER=Intel64 Family 6 Model 154 Stepping 4, GenuineIntel
TMP=C:\Users\dttsi\AppData\Local\Temp
TEMP=C:\Users\dttsi\AppData\Local\Temp




Periodic native trim disabled

---------------  S Y S T E M  ---------------

OS:
 Windows 11 , 64 bit Build 26100 (10.0.26100.4768)
OS uptime: 4 days 23:04 hours
Hyper-V role detected

CPU: total 12 (initial active 12) (6 cores per cpu, 2 threads per core) family 6 model 154 stepping 4 microcode 0x433, cx8, cmov, fxsr, ht, mmx, 3dnowpref, sse, sse2, sse3, ssse3, sse4.1, sse4.2, popcnt, lzcnt, tsc, tscinvbit, avx, avx2, aes, erms, clmul, bmi1, bmi2, adx, sha, fma, vzeroupper, clflush, clflushopt, clwb, hv, serialize, rdtscp, rdpid, fsrm, f16c, cet_ibt, cet_ss
Processor Information for processor 0
  Max Mhz: 1700, Current Mhz: 1700, Mhz Limit: 1700
Processor Information for processor 1
  Max Mhz: 1700, Current Mhz: 1700, Mhz Limit: 1700
Processor Information for processor 2
  Max Mhz: 1700, Current Mhz: 1700, Mhz Limit: 1700
Processor Information for processor 3
  Max Mhz: 1700, Current Mhz: 1700, Mhz Limit: 1700
Processor Information for processor 4
  Max Mhz: 1200, Current Mhz: 1200, Mhz Limit: 1200
Processor Information for processor 5
  Max Mhz: 1200, Current Mhz: 1200, Mhz Limit: 1200
Processor Information for processor 6
  Max Mhz: 1200, Current Mhz: 1200, Mhz Limit: 1200
Processor Information for processor 7
  Max Mhz: 1200, Current Mhz: 1200, Mhz Limit: 1200
Processor Information for processor 8
  Max Mhz: 1200, Current Mhz: 1200, Mhz Limit: 1200
Processor Information for processor 9
  Max Mhz: 1200, Current Mhz: 1200, Mhz Limit: 1200
Processor Information for processor 10
  Max Mhz: 1200, Current Mhz: 1200, Mhz Limit: 1200
Processor Information for processor 11
  Max Mhz: 1200, Current Mhz: 1200, Mhz Limit: 1200

Memory: 4k page, system-wide physical 7916M (568M free)
TotalPageFile size 32492M (AvailPageFile size 19M)
current process WorkingSet (physical memory assigned to process): 203M, peak: 212M
current process commit charge ("private bytes"): 295M, peak: 305M

vm_info: OpenJDK 64-Bit Server VM (21.0.7+6-LTS) for windows-amd64 JRE (21.0.7+6-LTS), built on 2025-04-15T00:00:00Z by "admin" with MS VC++ 17.7 (VS2022)

END.
